[24-Sep-2016 09:50:22 UTC] PHP Fatal error:  Class 'SassNode' not found in /var/www/vhosts/dspealing/web/sites/dspealing/themes/custom/parrot-stripes/src/phpsass/tree/SassIfNode.php on line 19
[24-Sep-2016 09:50:23 UTC] PHP Fatal error:  Class 'SassNode' not found in /var/www/vhosts/dspealing/web/sites/dspealing/themes/custom/parrot-stripes/src/phpsass/tree/SassEachNode.php on line 25
[24-Sep-2016 09:50:23 UTC] PHP Fatal error:  Class 'SassNode' not found in /var/www/vhosts/dspealing/web/sites/dspealing/themes/custom/parrot-stripes/src/phpsass/tree/SassPropertyNode.php on line 18
[24-Sep-2016 09:50:23 UTC] PHP Fatal error:  Class 'SassNode' not found in /var/www/vhosts/dspealing/web/sites/dspealing/themes/custom/parrot-stripes/src/phpsass/tree/SassFunctionDefinitionNode.php on line 18
[24-Sep-2016 09:50:23 UTC] PHP Fatal error:  Class 'SassNode' not found in /var/www/vhosts/dspealing/web/sites/dspealing/themes/custom/parrot-stripes/src/phpsass/tree/SassWhileNode.php on line 18
[24-Sep-2016 09:50:24 UTC] PHP Fatal error:  Class 'SassNode' not found in /var/www/vhosts/dspealing/web/sites/dspealing/themes/custom/parrot-stripes/src/phpsass/tree/SassMixinDefinitionNode.php on line 18
[24-Sep-2016 09:50:24 UTC] PHP Fatal error:  Class 'SassNode' not found in /var/www/vhosts/dspealing/web/sites/dspealing/themes/custom/parrot-stripes/src/phpsass/tree/SassRootNode.php on line 21
[24-Sep-2016 09:50:24 UTC] PHP Fatal error:  Class 'SassNode' not found in /var/www/vhosts/dspealing/web/sites/dspealing/themes/custom/parrot-stripes/src/phpsass/tree/SassDirectiveNode.php on line 18
[24-Sep-2016 09:50:24 UTC] PHP Fatal error:  Class 'SassNode' not found in /var/www/vhosts/dspealing/web/sites/dspealing/themes/custom/parrot-stripes/src/phpsass/tree/SassImportNode.php on line 18
[24-Sep-2016 09:50:25 UTC] PHP Fatal error:  Class 'SassNode' not found in /var/www/vhosts/dspealing/web/sites/dspealing/themes/custom/parrot-stripes/src/phpsass/tree/SassVariableNode.php on line 18
[24-Sep-2016 09:50:25 UTC] PHP Fatal error:  Class 'SassNode' not found in /var/www/vhosts/dspealing/web/sites/dspealing/themes/custom/parrot-stripes/src/phpsass/tree/SassExtendNode.php on line 18
[24-Sep-2016 09:50:25 UTC] PHP Fatal error:  Class 'SassNode' not found in /var/www/vhosts/dspealing/web/sites/dspealing/themes/custom/parrot-stripes/src/phpsass/tree/SassReturnNode.php on line 18
[24-Sep-2016 09:50:25 UTC] PHP Fatal error:  Class 'SassNode' not found in /var/www/vhosts/dspealing/web/sites/dspealing/themes/custom/parrot-stripes/src/phpsass/tree/SassWarnNode.php on line 18
[24-Sep-2016 09:50:25 UTC] PHP Fatal error:  Class 'SassNode' not found in /var/www/vhosts/dspealing/web/sites/dspealing/themes/custom/parrot-stripes/src/phpsass/tree/SassForNode.php on line 28
[24-Sep-2016 09:50:26 UTC] PHP Fatal error:  Class 'SassNode' not found in /var/www/vhosts/dspealing/web/sites/dspealing/themes/custom/parrot-stripes/src/phpsass/tree/SassDebugNode.php on line 18
[24-Sep-2016 09:50:26 UTC] PHP Fatal error:  Class 'SassNode' not found in /var/www/vhosts/dspealing/web/sites/dspealing/themes/custom/parrot-stripes/src/phpsass/tree/SassContentNode.php on line 18
[24-Sep-2016 09:50:26 UTC] PHP Fatal error:  Class 'SassNode' not found in /var/www/vhosts/dspealing/web/sites/dspealing/themes/custom/parrot-stripes/src/phpsass/tree/SassCommentNode.php on line 18
[24-Sep-2016 09:50:26 UTC] PHP Fatal error:  Class 'SassNode' not found in /var/www/vhosts/dspealing/web/sites/dspealing/themes/custom/parrot-stripes/src/phpsass/tree/SassMediaNode.php on line 18
[24-Sep-2016 09:50:27 UTC] PHP Fatal error:  Class 'SassIfNode' not found in /var/www/vhosts/dspealing/web/sites/dspealing/themes/custom/parrot-stripes/src/phpsass/tree/SassElseNode.php on line 19
[24-Sep-2016 09:50:27 UTC] PHP Fatal error:  Class 'SassNode' not found in /var/www/vhosts/dspealing/web/sites/dspealing/themes/custom/parrot-stripes/src/phpsass/tree/SassMixinNode.php on line 18
[24-Sep-2016 09:50:27 UTC] PHP Fatal error:  Class 'SassNode' not found in /var/www/vhosts/dspealing/web/sites/dspealing/themes/custom/parrot-stripes/src/phpsass/tree/SassRuleNode.php on line 18
[24-Sep-2016 10:06:58 UTC] PHP Fatal error:  Class 'SassNode' not found in /var/www/vhosts/dspealing/web/sites/dspealing/themes/custom/parrot-stripes/src/phpsass/tree/SassIfNode.php on line 19
[24-Sep-2016 10:06:58 UTC] PHP Fatal error:  Class 'SassNode' not found in /var/www/vhosts/dspealing/web/sites/dspealing/themes/custom/parrot-stripes/src/phpsass/tree/SassEachNode.php on line 25
[24-Sep-2016 10:06:59 UTC] PHP Fatal error:  Class 'SassNode' not found in /var/www/vhosts/dspealing/web/sites/dspealing/themes/custom/parrot-stripes/src/phpsass/tree/SassPropertyNode.php on line 18
[24-Sep-2016 10:06:59 UTC] PHP Fatal error:  Class 'SassNode' not found in /var/www/vhosts/dspealing/web/sites/dspealing/themes/custom/parrot-stripes/src/phpsass/tree/SassFunctionDefinitionNode.php on line 18
[24-Sep-2016 10:06:59 UTC] PHP Fatal error:  Class 'SassNode' not found in /var/www/vhosts/dspealing/web/sites/dspealing/themes/custom/parrot-stripes/src/phpsass/tree/SassWhileNode.php on line 18
[24-Sep-2016 10:06:59 UTC] PHP Fatal error:  Class 'SassNode' not found in /var/www/vhosts/dspealing/web/sites/dspealing/themes/custom/parrot-stripes/src/phpsass/tree/SassMixinDefinitionNode.php on line 18
[24-Sep-2016 10:06:59 UTC] PHP Fatal error:  Class 'SassNode' not found in /var/www/vhosts/dspealing/web/sites/dspealing/themes/custom/parrot-stripes/src/phpsass/tree/SassRootNode.php on line 21
[24-Sep-2016 10:07:00 UTC] PHP Fatal error:  Class 'SassNode' not found in /var/www/vhosts/dspealing/web/sites/dspealing/themes/custom/parrot-stripes/src/phpsass/tree/SassDirectiveNode.php on line 18
[24-Sep-2016 10:07:00 UTC] PHP Fatal error:  Class 'SassNode' not found in /var/www/vhosts/dspealing/web/sites/dspealing/themes/custom/parrot-stripes/src/phpsass/tree/SassImportNode.php on line 18
[24-Sep-2016 10:07:00 UTC] PHP Fatal error:  Class 'SassNode' not found in /var/www/vhosts/dspealing/web/sites/dspealing/themes/custom/parrot-stripes/src/phpsass/tree/SassVariableNode.php on line 18
[24-Sep-2016 10:07:00 UTC] PHP Fatal error:  Class 'SassNode' not found in /var/www/vhosts/dspealing/web/sites/dspealing/themes/custom/parrot-stripes/src/phpsass/tree/SassExtendNode.php on line 18
[24-Sep-2016 10:07:01 UTC] PHP Fatal error:  Class 'SassNode' not found in /var/www/vhosts/dspealing/web/sites/dspealing/themes/custom/parrot-stripes/src/phpsass/tree/SassReturnNode.php on line 18
[24-Sep-2016 10:07:01 UTC] PHP Fatal error:  Class 'SassNode' not found in /var/www/vhosts/dspealing/web/sites/dspealing/themes/custom/parrot-stripes/src/phpsass/tree/SassWarnNode.php on line 18
[24-Sep-2016 10:07:01 UTC] PHP Fatal error:  Class 'SassNode' not found in /var/www/vhosts/dspealing/web/sites/dspealing/themes/custom/parrot-stripes/src/phpsass/tree/SassForNode.php on line 28
[24-Sep-2016 10:07:01 UTC] PHP Fatal error:  Class 'SassNode' not found in /var/www/vhosts/dspealing/web/sites/dspealing/themes/custom/parrot-stripes/src/phpsass/tree/SassDebugNode.php on line 18
[24-Sep-2016 10:07:02 UTC] PHP Fatal error:  Class 'SassNode' not found in /var/www/vhosts/dspealing/web/sites/dspealing/themes/custom/parrot-stripes/src/phpsass/tree/SassContentNode.php on line 18
[24-Sep-2016 10:07:02 UTC] PHP Fatal error:  Class 'SassNode' not found in /var/www/vhosts/dspealing/web/sites/dspealing/themes/custom/parrot-stripes/src/phpsass/tree/SassCommentNode.php on line 18
[24-Sep-2016 10:07:02 UTC] PHP Fatal error:  Class 'SassNode' not found in /var/www/vhosts/dspealing/web/sites/dspealing/themes/custom/parrot-stripes/src/phpsass/tree/SassMediaNode.php on line 18
[24-Sep-2016 10:07:02 UTC] PHP Fatal error:  Class 'SassIfNode' not found in /var/www/vhosts/dspealing/web/sites/dspealing/themes/custom/parrot-stripes/src/phpsass/tree/SassElseNode.php on line 19
[24-Sep-2016 10:07:02 UTC] PHP Fatal error:  Class 'SassNode' not found in /var/www/vhosts/dspealing/web/sites/dspealing/themes/custom/parrot-stripes/src/phpsass/tree/SassMixinNode.php on line 18
[24-Sep-2016 10:07:03 UTC] PHP Fatal error:  Class 'SassNode' not found in /var/www/vhosts/dspealing/web/sites/dspealing/themes/custom/parrot-stripes/src/phpsass/tree/SassRuleNode.php on line 18
[27-Sep-2016 01:32:23 UTC] PHP Fatal error:  Class 'SassNode' not found in /var/www/vhosts/dspealing/web/sites/dspealing/themes/custom/parrot-stripes/src/phpsass/tree/SassIfNode.php on line 19
[27-Sep-2016 01:32:23 UTC] PHP Fatal error:  Class 'SassNode' not found in /var/www/vhosts/dspealing/web/sites/dspealing/themes/custom/parrot-stripes/src/phpsass/tree/SassEachNode.php on line 25
[27-Sep-2016 01:32:24 UTC] PHP Fatal error:  Class 'SassNode' not found in /var/www/vhosts/dspealing/web/sites/dspealing/themes/custom/parrot-stripes/src/phpsass/tree/SassPropertyNode.php on line 18
[27-Sep-2016 01:32:24 UTC] PHP Fatal error:  Class 'SassNode' not found in /var/www/vhosts/dspealing/web/sites/dspealing/themes/custom/parrot-stripes/src/phpsass/tree/SassFunctionDefinitionNode.php on line 18
[27-Sep-2016 01:32:25 UTC] PHP Fatal error:  Class 'SassNode' not found in /var/www/vhosts/dspealing/web/sites/dspealing/themes/custom/parrot-stripes/src/phpsass/tree/SassWhileNode.php on line 18
[27-Sep-2016 01:32:25 UTC] PHP Fatal error:  Class 'SassNode' not found in /var/www/vhosts/dspealing/web/sites/dspealing/themes/custom/parrot-stripes/src/phpsass/tree/SassMixinDefinitionNode.php on line 18
[27-Sep-2016 01:32:25 UTC] PHP Fatal error:  Class 'SassNode' not found in /var/www/vhosts/dspealing/web/sites/dspealing/themes/custom/parrot-stripes/src/phpsass/tree/SassRootNode.php on line 21
[27-Sep-2016 01:32:26 UTC] PHP Fatal error:  Class 'SassNode' not found in /var/www/vhosts/dspealing/web/sites/dspealing/themes/custom/parrot-stripes/src/phpsass/tree/SassDirectiveNode.php on line 18
[27-Sep-2016 01:32:26 UTC] PHP Fatal error:  Class 'SassNode' not found in /var/www/vhosts/dspealing/web/sites/dspealing/themes/custom/parrot-stripes/src/phpsass/tree/SassImportNode.php on line 18
[27-Sep-2016 01:32:26 UTC] PHP Fatal error:  Class 'SassNode' not found in /var/www/vhosts/dspealing/web/sites/dspealing/themes/custom/parrot-stripes/src/phpsass/tree/SassVariableNode.php on line 18
[27-Sep-2016 01:32:27 UTC] PHP Fatal error:  Class 'SassNode' not found in /var/www/vhosts/dspealing/web/sites/dspealing/themes/custom/parrot-stripes/src/phpsass/tree/SassExtendNode.php on line 18
[27-Sep-2016 01:32:27 UTC] PHP Fatal error:  Class 'SassNode' not found in /var/www/vhosts/dspealing/web/sites/dspealing/themes/custom/parrot-stripes/src/phpsass/tree/SassReturnNode.php on line 18
[27-Sep-2016 01:32:27 UTC] PHP Fatal error:  Class 'SassNode' not found in /var/www/vhosts/dspealing/web/sites/dspealing/themes/custom/parrot-stripes/src/phpsass/tree/SassWarnNode.php on line 18
[27-Sep-2016 01:32:27 UTC] PHP Fatal error:  Class 'SassNode' not found in /var/www/vhosts/dspealing/web/sites/dspealing/themes/custom/parrot-stripes/src/phpsass/tree/SassForNode.php on line 28
[27-Sep-2016 01:32:28 UTC] PHP Fatal error:  Class 'SassNode' not found in /var/www/vhosts/dspealing/web/sites/dspealing/themes/custom/parrot-stripes/src/phpsass/tree/SassDebugNode.php on line 18
[27-Sep-2016 01:32:28 UTC] PHP Fatal error:  Class 'SassNode' not found in /var/www/vhosts/dspealing/web/sites/dspealing/themes/custom/parrot-stripes/src/phpsass/tree/SassContentNode.php on line 18
[27-Sep-2016 01:32:29 UTC] PHP Fatal error:  Class 'SassNode' not found in /var/www/vhosts/dspealing/web/sites/dspealing/themes/custom/parrot-stripes/src/phpsass/tree/SassCommentNode.php on line 18
[27-Sep-2016 01:32:29 UTC] PHP Fatal error:  Class 'SassNode' not found in /var/www/vhosts/dspealing/web/sites/dspealing/themes/custom/parrot-stripes/src/phpsass/tree/SassMediaNode.php on line 18
[27-Sep-2016 01:32:29 UTC] PHP Fatal error:  Class 'SassIfNode' not found in /var/www/vhosts/dspealing/web/sites/dspealing/themes/custom/parrot-stripes/src/phpsass/tree/SassElseNode.php on line 19
[27-Sep-2016 01:32:30 UTC] PHP Fatal error:  Class 'SassNode' not found in /var/www/vhosts/dspealing/web/sites/dspealing/themes/custom/parrot-stripes/src/phpsass/tree/SassMixinNode.php on line 18
[27-Sep-2016 01:32:30 UTC] PHP Fatal error:  Class 'SassNode' not found in /var/www/vhosts/dspealing/web/sites/dspealing/themes/custom/parrot-stripes/src/phpsass/tree/SassRuleNode.php on line 18
[27-Sep-2016 02:02:07 UTC] PHP Fatal error:  Class 'SassNode' not found in /var/www/vhosts/dspealing/web/sites/dspealing/themes/custom/parrot-stripes/src/phpsass/tree/SassIfNode.php on line 19
[27-Sep-2016 02:02:07 UTC] PHP Fatal error:  Class 'SassNode' not found in /var/www/vhosts/dspealing/web/sites/dspealing/themes/custom/parrot-stripes/src/phpsass/tree/SassEachNode.php on line 25
[27-Sep-2016 02:02:08 UTC] PHP Fatal error:  Class 'SassNode' not found in /var/www/vhosts/dspealing/web/sites/dspealing/themes/custom/parrot-stripes/src/phpsass/tree/SassPropertyNode.php on line 18
[27-Sep-2016 02:02:08 UTC] PHP Fatal error:  Class 'SassNode' not found in /var/www/vhosts/dspealing/web/sites/dspealing/themes/custom/parrot-stripes/src/phpsass/tree/SassFunctionDefinitionNode.php on line 18
[27-Sep-2016 02:02:08 UTC] PHP Fatal error:  Class 'SassNode' not found in /var/www/vhosts/dspealing/web/sites/dspealing/themes/custom/parrot-stripes/src/phpsass/tree/SassWhileNode.php on line 18
[27-Sep-2016 02:02:08 UTC] PHP Fatal error:  Class 'SassNode' not found in /var/www/vhosts/dspealing/web/sites/dspealing/themes/custom/parrot-stripes/src/phpsass/tree/SassMixinDefinitionNode.php on line 18
[27-Sep-2016 02:02:09 UTC] PHP Fatal error:  Class 'SassNode' not found in /var/www/vhosts/dspealing/web/sites/dspealing/themes/custom/parrot-stripes/src/phpsass/tree/SassRootNode.php on line 21
[27-Sep-2016 02:02:09 UTC] PHP Fatal error:  Class 'SassNode' not found in /var/www/vhosts/dspealing/web/sites/dspealing/themes/custom/parrot-stripes/src/phpsass/tree/SassDirectiveNode.php on line 18
[27-Sep-2016 02:02:09 UTC] PHP Fatal error:  Class 'SassNode' not found in /var/www/vhosts/dspealing/web/sites/dspealing/themes/custom/parrot-stripes/src/phpsass/tree/SassImportNode.php on line 18
[27-Sep-2016 02:02:11 UTC] PHP Fatal error:  Class 'SassNode' not found in /var/www/vhosts/dspealing/web/sites/dspealing/themes/custom/parrot-stripes/src/phpsass/tree/SassVariableNode.php on line 18
[27-Sep-2016 02:02:11 UTC] PHP Fatal error:  Class 'SassNode' not found in /var/www/vhosts/dspealing/web/sites/dspealing/themes/custom/parrot-stripes/src/phpsass/tree/SassExtendNode.php on line 18
[27-Sep-2016 02:02:12 UTC] PHP Fatal error:  Class 'SassNode' not found in /var/www/vhosts/dspealing/web/sites/dspealing/themes/custom/parrot-stripes/src/phpsass/tree/SassReturnNode.php on line 18
[27-Sep-2016 02:02:12 UTC] PHP Fatal error:  Class 'SassNode' not found in /var/www/vhosts/dspealing/web/sites/dspealing/themes/custom/parrot-stripes/src/phpsass/tree/SassWarnNode.php on line 18
[27-Sep-2016 02:02:12 UTC] PHP Fatal error:  Class 'SassNode' not found in /var/www/vhosts/dspealing/web/sites/dspealing/themes/custom/parrot-stripes/src/phpsass/tree/SassForNode.php on line 28
[27-Sep-2016 02:02:13 UTC] PHP Fatal error:  Class 'SassNode' not found in /var/www/vhosts/dspealing/web/sites/dspealing/themes/custom/parrot-stripes/src/phpsass/tree/SassDebugNode.php on line 18
[27-Sep-2016 02:02:13 UTC] PHP Fatal error:  Class 'SassNode' not found in /var/www/vhosts/dspealing/web/sites/dspealing/themes/custom/parrot-stripes/src/phpsass/tree/SassContentNode.php on line 18
[27-Sep-2016 02:02:13 UTC] PHP Fatal error:  Class 'SassNode' not found in /var/www/vhosts/dspealing/web/sites/dspealing/themes/custom/parrot-stripes/src/phpsass/tree/SassCommentNode.php on line 18
[27-Sep-2016 02:02:14 UTC] PHP Fatal error:  Class 'SassNode' not found in /var/www/vhosts/dspealing/web/sites/dspealing/themes/custom/parrot-stripes/src/phpsass/tree/SassMediaNode.php on line 18
[27-Sep-2016 02:02:15 UTC] PHP Fatal error:  Class 'SassIfNode' not found in /var/www/vhosts/dspealing/web/sites/dspealing/themes/custom/parrot-stripes/src/phpsass/tree/SassElseNode.php on line 19
[27-Sep-2016 02:02:15 UTC] PHP Fatal error:  Class 'SassNode' not found in /var/www/vhosts/dspealing/web/sites/dspealing/themes/custom/parrot-stripes/src/phpsass/tree/SassMixinNode.php on line 18
[27-Sep-2016 02:02:16 UTC] PHP Fatal error:  Class 'SassNode' not found in /var/www/vhosts/dspealing/web/sites/dspealing/themes/custom/parrot-stripes/src/phpsass/tree/SassRuleNode.php on line 18
[27-Sep-2016 04:38:40 UTC] PHP Fatal error:  Class 'SassNode' not found in /var/www/vhosts/dspealing/web/sites/dspealing/themes/custom/parrot-stripes/src/phpsass/tree/SassCommentNode.php on line 18
[27-Sep-2016 04:38:40 UTC] PHP Fatal error:  Class 'SassNode' not found in /var/www/vhosts/dspealing/web/sites/dspealing/themes/custom/parrot-stripes/src/phpsass/tree/SassContentNode.php on line 18
[27-Sep-2016 04:38:41 UTC] PHP Fatal error:  Class 'SassNode' not found in /var/www/vhosts/dspealing/web/sites/dspealing/themes/custom/parrot-stripes/src/phpsass/tree/SassDebugNode.php on line 18
[27-Sep-2016 04:38:41 UTC] PHP Fatal error:  Class 'SassNode' not found in /var/www/vhosts/dspealing/web/sites/dspealing/themes/custom/parrot-stripes/src/phpsass/tree/SassDirectiveNode.php on line 18
[27-Sep-2016 04:38:41 UTC] PHP Fatal error:  Class 'SassNode' not found in /var/www/vhosts/dspealing/web/sites/dspealing/themes/custom/parrot-stripes/src/phpsass/tree/SassEachNode.php on line 25
[27-Sep-2016 04:38:42 UTC] PHP Fatal error:  Class 'SassIfNode' not found in /var/www/vhosts/dspealing/web/sites/dspealing/themes/custom/parrot-stripes/src/phpsass/tree/SassElseNode.php on line 19
[27-Sep-2016 04:38:42 UTC] PHP Fatal error:  Class 'SassNode' not found in /var/www/vhosts/dspealing/web/sites/dspealing/themes/custom/parrot-stripes/src/phpsass/tree/SassExtendNode.php on line 18
[27-Sep-2016 04:38:43 UTC] PHP Fatal error:  Class 'SassNode' not found in /var/www/vhosts/dspealing/web/sites/dspealing/themes/custom/parrot-stripes/src/phpsass/tree/SassForNode.php on line 28
[27-Sep-2016 04:38:43 UTC] PHP Fatal error:  Class 'SassNode' not found in /var/www/vhosts/dspealing/web/sites/dspealing/themes/custom/parrot-stripes/src/phpsass/tree/SassFunctionDefinitionNode.php on line 18
[27-Sep-2016 04:38:43 UTC] PHP Fatal error:  Class 'SassNode' not found in /var/www/vhosts/dspealing/web/sites/dspealing/themes/custom/parrot-stripes/src/phpsass/tree/SassIfNode.php on line 19
[27-Sep-2016 04:38:44 UTC] PHP Fatal error:  Class 'SassNode' not found in /var/www/vhosts/dspealing/web/sites/dspealing/themes/custom/parrot-stripes/src/phpsass/tree/SassImportNode.php on line 18
[27-Sep-2016 04:38:44 UTC] PHP Fatal error:  Class 'SassNode' not found in /var/www/vhosts/dspealing/web/sites/dspealing/themes/custom/parrot-stripes/src/phpsass/tree/SassMediaNode.php on line 18
[27-Sep-2016 04:38:45 UTC] PHP Fatal error:  Class 'SassNode' not found in /var/www/vhosts/dspealing/web/sites/dspealing/themes/custom/parrot-stripes/src/phpsass/tree/SassMixinDefinitionNode.php on line 18
[27-Sep-2016 04:38:45 UTC] PHP Fatal error:  Class 'SassNode' not found in /var/www/vhosts/dspealing/web/sites/dspealing/themes/custom/parrot-stripes/src/phpsass/tree/SassMixinNode.php on line 18
[27-Sep-2016 04:38:45 UTC] PHP Fatal error:  Class 'SassNode' not found in /var/www/vhosts/dspealing/web/sites/dspealing/themes/custom/parrot-stripes/src/phpsass/tree/SassPropertyNode.php on line 18
[27-Sep-2016 04:38:46 UTC] PHP Fatal error:  Class 'SassNode' not found in /var/www/vhosts/dspealing/web/sites/dspealing/themes/custom/parrot-stripes/src/phpsass/tree/SassReturnNode.php on line 18
[27-Sep-2016 04:38:46 UTC] PHP Fatal error:  Class 'SassNode' not found in /var/www/vhosts/dspealing/web/sites/dspealing/themes/custom/parrot-stripes/src/phpsass/tree/SassRootNode.php on line 21
[27-Sep-2016 04:38:46 UTC] PHP Fatal error:  Class 'SassNode' not found in /var/www/vhosts/dspealing/web/sites/dspealing/themes/custom/parrot-stripes/src/phpsass/tree/SassRuleNode.php on line 18
[27-Sep-2016 04:38:47 UTC] PHP Fatal error:  Class 'SassNode' not found in /var/www/vhosts/dspealing/web/sites/dspealing/themes/custom/parrot-stripes/src/phpsass/tree/SassVariableNode.php on line 18
[27-Sep-2016 04:38:47 UTC] PHP Fatal error:  Class 'SassNode' not found in /var/www/vhosts/dspealing/web/sites/dspealing/themes/custom/parrot-stripes/src/phpsass/tree/SassWarnNode.php on line 18
[27-Sep-2016 04:38:47 UTC] PHP Fatal error:  Class 'SassNode' not found in /var/www/vhosts/dspealing/web/sites/dspealing/themes/custom/parrot-stripes/src/phpsass/tree/SassWhileNode.php on line 18
