[12-Oct-2016 22:08:10 UTC] PHP Fatal error:  Class 'SassNode' not found in /var/www/vhosts/drupal-8.x/web/sites/kidsrestorethekepler/themes/custom/krtk0/src/phpsass/tree/SassImportNode.php on line 18
[12-Oct-2016 22:08:10 UTC] PHP Fatal error:  Class 'SassIfNode' not found in /var/www/vhosts/drupal-8.x/web/sites/kidsrestorethekepler/themes/custom/krtk0/src/phpsass/tree/SassElseNode.php on line 19
[12-Oct-2016 22:08:10 UTC] PHP Fatal error:  Class 'SassNode' not found in /var/www/vhosts/drupal-8.x/web/sites/kidsrestorethekepler/themes/custom/krtk0/src/phpsass/tree/SassRuleNode.php on line 18
[12-Oct-2016 22:08:11 UTC] PHP Fatal error:  Class 'SassNode' not found in /var/www/vhosts/drupal-8.x/web/sites/kidsrestorethekepler/themes/custom/krtk0/src/phpsass/tree/SassWarnNode.php on line 18
[12-Oct-2016 22:08:11 UTC] PHP Fatal error:  Class 'SassNode' not found in /var/www/vhosts/drupal-8.x/web/sites/kidsrestorethekepler/themes/custom/krtk0/src/phpsass/tree/SassCommentNode.php on line 18
[12-Oct-2016 22:08:11 UTC] PHP Fatal error:  Class 'SassNode' not found in /var/www/vhosts/drupal-8.x/web/sites/kidsrestorethekepler/themes/custom/krtk0/src/phpsass/tree/SassFunctionDefinitionNode.php on line 18
[12-Oct-2016 22:08:11 UTC] PHP Fatal error:  Class 'SassNode' not found in /var/www/vhosts/drupal-8.x/web/sites/kidsrestorethekepler/themes/custom/krtk0/src/phpsass/tree/SassWhileNode.php on line 18
[12-Oct-2016 22:08:11 UTC] PHP Fatal error:  Class 'SassNode' not found in /var/www/vhosts/drupal-8.x/web/sites/kidsrestorethekepler/themes/custom/krtk0/src/phpsass/tree/SassMixinNode.php on line 18
[12-Oct-2016 22:08:11 UTC] PHP Fatal error:  Class 'SassNode' not found in /var/www/vhosts/drupal-8.x/web/sites/kidsrestorethekepler/themes/custom/krtk0/src/phpsass/tree/SassMediaNode.php on line 18
[12-Oct-2016 22:08:11 UTC] PHP Fatal error:  Class 'SassNode' not found in /var/www/vhosts/drupal-8.x/web/sites/kidsrestorethekepler/themes/custom/krtk0/src/phpsass/tree/SassMixinDefinitionNode.php on line 18
[12-Oct-2016 22:08:11 UTC] PHP Fatal error:  Class 'SassNode' not found in /var/www/vhosts/drupal-8.x/web/sites/kidsrestorethekepler/themes/custom/krtk0/src/phpsass/tree/SassDirectiveNode.php on line 18
[12-Oct-2016 22:08:11 UTC] PHP Fatal error:  Class 'SassNode' not found in /var/www/vhosts/drupal-8.x/web/sites/kidsrestorethekepler/themes/custom/krtk0/src/phpsass/tree/SassIfNode.php on line 19
[12-Oct-2016 22:08:11 UTC] PHP Fatal error:  Class 'SassNode' not found in /var/www/vhosts/drupal-8.x/web/sites/kidsrestorethekepler/themes/custom/krtk0/src/phpsass/tree/SassVariableNode.php on line 18
[12-Oct-2016 22:08:12 UTC] PHP Fatal error:  Class 'SassNode' not found in /var/www/vhosts/drupal-8.x/web/sites/kidsrestorethekepler/themes/custom/krtk0/src/phpsass/tree/SassRootNode.php on line 21
[12-Oct-2016 22:08:12 UTC] PHP Fatal error:  Class 'SassNode' not found in /var/www/vhosts/drupal-8.x/web/sites/kidsrestorethekepler/themes/custom/krtk0/src/phpsass/tree/SassContentNode.php on line 18
[12-Oct-2016 22:08:12 UTC] PHP Fatal error:  Class 'SassNode' not found in /var/www/vhosts/drupal-8.x/web/sites/kidsrestorethekepler/themes/custom/krtk0/src/phpsass/tree/SassForNode.php on line 28
[12-Oct-2016 22:08:12 UTC] PHP Fatal error:  Class 'SassNode' not found in /var/www/vhosts/drupal-8.x/web/sites/kidsrestorethekepler/themes/custom/krtk0/src/phpsass/tree/SassEachNode.php on line 25
[12-Oct-2016 22:08:12 UTC] PHP Fatal error:  Class 'SassNode' not found in /var/www/vhosts/drupal-8.x/web/sites/kidsrestorethekepler/themes/custom/krtk0/src/phpsass/tree/SassDebugNode.php on line 18
[12-Oct-2016 22:08:12 UTC] PHP Fatal error:  Class 'SassNode' not found in /var/www/vhosts/drupal-8.x/web/sites/kidsrestorethekepler/themes/custom/krtk0/src/phpsass/tree/SassPropertyNode.php on line 18
[12-Oct-2016 22:08:12 UTC] PHP Fatal error:  Class 'SassNode' not found in /var/www/vhosts/drupal-8.x/web/sites/kidsrestorethekepler/themes/custom/krtk0/src/phpsass/tree/SassExtendNode.php on line 18
[12-Oct-2016 22:08:12 UTC] PHP Fatal error:  Class 'SassNode' not found in /var/www/vhosts/drupal-8.x/web/sites/kidsrestorethekepler/themes/custom/krtk0/src/phpsass/tree/SassReturnNode.php on line 18
[12-Oct-2016 22:08:40 UTC] PHP Fatal error:  Class 'SassNode' not found in /var/www/vhosts/drupal-8.x/web/sites/kidsrestorethekepler/themes/custom/krtk0/src/phpsass/tree/SassImportNode.php on line 18
[12-Oct-2016 22:08:40 UTC] PHP Fatal error:  Class 'SassIfNode' not found in /var/www/vhosts/drupal-8.x/web/sites/kidsrestorethekepler/themes/custom/krtk0/src/phpsass/tree/SassElseNode.php on line 19
[12-Oct-2016 22:08:40 UTC] PHP Fatal error:  Class 'SassNode' not found in /var/www/vhosts/drupal-8.x/web/sites/kidsrestorethekepler/themes/custom/krtk0/src/phpsass/tree/SassRuleNode.php on line 18
[12-Oct-2016 22:08:40 UTC] PHP Fatal error:  Class 'SassNode' not found in /var/www/vhosts/drupal-8.x/web/sites/kidsrestorethekepler/themes/custom/krtk0/src/phpsass/tree/SassWarnNode.php on line 18
[12-Oct-2016 22:08:40 UTC] PHP Fatal error:  Class 'SassNode' not found in /var/www/vhosts/drupal-8.x/web/sites/kidsrestorethekepler/themes/custom/krtk0/src/phpsass/tree/SassCommentNode.php on line 18
[12-Oct-2016 22:08:40 UTC] PHP Fatal error:  Class 'SassNode' not found in /var/www/vhosts/drupal-8.x/web/sites/kidsrestorethekepler/themes/custom/krtk0/src/phpsass/tree/SassFunctionDefinitionNode.php on line 18
[12-Oct-2016 22:08:40 UTC] PHP Fatal error:  Class 'SassNode' not found in /var/www/vhosts/drupal-8.x/web/sites/kidsrestorethekepler/themes/custom/krtk0/src/phpsass/tree/SassWhileNode.php on line 18
[12-Oct-2016 22:08:40 UTC] PHP Fatal error:  Class 'SassNode' not found in /var/www/vhosts/drupal-8.x/web/sites/kidsrestorethekepler/themes/custom/krtk0/src/phpsass/tree/SassMixinNode.php on line 18
[12-Oct-2016 22:08:40 UTC] PHP Fatal error:  Class 'SassNode' not found in /var/www/vhosts/drupal-8.x/web/sites/kidsrestorethekepler/themes/custom/krtk0/src/phpsass/tree/SassMediaNode.php on line 18
[12-Oct-2016 22:08:40 UTC] PHP Fatal error:  Class 'SassNode' not found in /var/www/vhosts/drupal-8.x/web/sites/kidsrestorethekepler/themes/custom/krtk0/src/phpsass/tree/SassMixinDefinitionNode.php on line 18
[12-Oct-2016 22:08:41 UTC] PHP Fatal error:  Class 'SassNode' not found in /var/www/vhosts/drupal-8.x/web/sites/kidsrestorethekepler/themes/custom/krtk0/src/phpsass/tree/SassDirectiveNode.php on line 18
[12-Oct-2016 22:08:41 UTC] PHP Fatal error:  Class 'SassNode' not found in /var/www/vhosts/drupal-8.x/web/sites/kidsrestorethekepler/themes/custom/krtk0/src/phpsass/tree/SassIfNode.php on line 19
[12-Oct-2016 22:08:41 UTC] PHP Fatal error:  Class 'SassNode' not found in /var/www/vhosts/drupal-8.x/web/sites/kidsrestorethekepler/themes/custom/krtk0/src/phpsass/tree/SassVariableNode.php on line 18
[12-Oct-2016 22:08:41 UTC] PHP Fatal error:  Class 'SassNode' not found in /var/www/vhosts/drupal-8.x/web/sites/kidsrestorethekepler/themes/custom/krtk0/src/phpsass/tree/SassRootNode.php on line 21
[12-Oct-2016 22:08:41 UTC] PHP Fatal error:  Class 'SassNode' not found in /var/www/vhosts/drupal-8.x/web/sites/kidsrestorethekepler/themes/custom/krtk0/src/phpsass/tree/SassContentNode.php on line 18
[12-Oct-2016 22:08:41 UTC] PHP Fatal error:  Class 'SassNode' not found in /var/www/vhosts/drupal-8.x/web/sites/kidsrestorethekepler/themes/custom/krtk0/src/phpsass/tree/SassForNode.php on line 28
[12-Oct-2016 22:08:41 UTC] PHP Fatal error:  Class 'SassNode' not found in /var/www/vhosts/drupal-8.x/web/sites/kidsrestorethekepler/themes/custom/krtk0/src/phpsass/tree/SassEachNode.php on line 25
[12-Oct-2016 22:08:41 UTC] PHP Fatal error:  Class 'SassNode' not found in /var/www/vhosts/drupal-8.x/web/sites/kidsrestorethekepler/themes/custom/krtk0/src/phpsass/tree/SassDebugNode.php on line 18
[12-Oct-2016 22:08:41 UTC] PHP Fatal error:  Class 'SassNode' not found in /var/www/vhosts/drupal-8.x/web/sites/kidsrestorethekepler/themes/custom/krtk0/src/phpsass/tree/SassPropertyNode.php on line 18
[12-Oct-2016 22:08:42 UTC] PHP Fatal error:  Class 'SassNode' not found in /var/www/vhosts/drupal-8.x/web/sites/kidsrestorethekepler/themes/custom/krtk0/src/phpsass/tree/SassExtendNode.php on line 18
[12-Oct-2016 22:08:42 UTC] PHP Fatal error:  Class 'SassNode' not found in /var/www/vhosts/drupal-8.x/web/sites/kidsrestorethekepler/themes/custom/krtk0/src/phpsass/tree/SassReturnNode.php on line 18
[13-Oct-2016 00:34:00 UTC] PHP Fatal error:  Class 'SassNode' not found in /var/www/vhosts/drupal-8.x/web/sites/kidsrestorethekepler/themes/custom/krtk0/src/phpsass/tree/SassImportNode.php on line 18
[13-Oct-2016 00:34:01 UTC] PHP Fatal error:  Class 'SassIfNode' not found in /var/www/vhosts/drupal-8.x/web/sites/kidsrestorethekepler/themes/custom/krtk0/src/phpsass/tree/SassElseNode.php on line 19
[13-Oct-2016 00:34:01 UTC] PHP Fatal error:  Class 'SassNode' not found in /var/www/vhosts/drupal-8.x/web/sites/kidsrestorethekepler/themes/custom/krtk0/src/phpsass/tree/SassRuleNode.php on line 18
[13-Oct-2016 00:34:01 UTC] PHP Fatal error:  Class 'SassNode' not found in /var/www/vhosts/drupal-8.x/web/sites/kidsrestorethekepler/themes/custom/krtk0/src/phpsass/tree/SassWarnNode.php on line 18
[13-Oct-2016 00:34:01 UTC] PHP Fatal error:  Class 'SassNode' not found in /var/www/vhosts/drupal-8.x/web/sites/kidsrestorethekepler/themes/custom/krtk0/src/phpsass/tree/SassCommentNode.php on line 18
[13-Oct-2016 00:34:01 UTC] PHP Fatal error:  Class 'SassNode' not found in /var/www/vhosts/drupal-8.x/web/sites/kidsrestorethekepler/themes/custom/krtk0/src/phpsass/tree/SassFunctionDefinitionNode.php on line 18
[13-Oct-2016 00:34:01 UTC] PHP Fatal error:  Class 'SassNode' not found in /var/www/vhosts/drupal-8.x/web/sites/kidsrestorethekepler/themes/custom/krtk0/src/phpsass/tree/SassWhileNode.php on line 18
[13-Oct-2016 00:34:01 UTC] PHP Fatal error:  Class 'SassNode' not found in /var/www/vhosts/drupal-8.x/web/sites/kidsrestorethekepler/themes/custom/krtk0/src/phpsass/tree/SassMixinNode.php on line 18
[13-Oct-2016 00:34:01 UTC] PHP Fatal error:  Class 'SassNode' not found in /var/www/vhosts/drupal-8.x/web/sites/kidsrestorethekepler/themes/custom/krtk0/src/phpsass/tree/SassMediaNode.php on line 18
[13-Oct-2016 00:34:01 UTC] PHP Fatal error:  Class 'SassNode' not found in /var/www/vhosts/drupal-8.x/web/sites/kidsrestorethekepler/themes/custom/krtk0/src/phpsass/tree/SassMixinDefinitionNode.php on line 18
[13-Oct-2016 00:34:02 UTC] PHP Fatal error:  Class 'SassNode' not found in /var/www/vhosts/drupal-8.x/web/sites/kidsrestorethekepler/themes/custom/krtk0/src/phpsass/tree/SassDirectiveNode.php on line 18
[13-Oct-2016 00:34:02 UTC] PHP Fatal error:  Class 'SassNode' not found in /var/www/vhosts/drupal-8.x/web/sites/kidsrestorethekepler/themes/custom/krtk0/src/phpsass/tree/SassIfNode.php on line 19
[13-Oct-2016 00:34:02 UTC] PHP Fatal error:  Class 'SassNode' not found in /var/www/vhosts/drupal-8.x/web/sites/kidsrestorethekepler/themes/custom/krtk0/src/phpsass/tree/SassVariableNode.php on line 18
[13-Oct-2016 00:34:02 UTC] PHP Fatal error:  Class 'SassNode' not found in /var/www/vhosts/drupal-8.x/web/sites/kidsrestorethekepler/themes/custom/krtk0/src/phpsass/tree/SassRootNode.php on line 21
[13-Oct-2016 00:34:02 UTC] PHP Fatal error:  Class 'SassNode' not found in /var/www/vhosts/drupal-8.x/web/sites/kidsrestorethekepler/themes/custom/krtk0/src/phpsass/tree/SassContentNode.php on line 18
[13-Oct-2016 00:34:02 UTC] PHP Fatal error:  Class 'SassNode' not found in /var/www/vhosts/drupal-8.x/web/sites/kidsrestorethekepler/themes/custom/krtk0/src/phpsass/tree/SassForNode.php on line 28
[13-Oct-2016 00:34:02 UTC] PHP Fatal error:  Class 'SassNode' not found in /var/www/vhosts/drupal-8.x/web/sites/kidsrestorethekepler/themes/custom/krtk0/src/phpsass/tree/SassEachNode.php on line 25
[13-Oct-2016 00:34:02 UTC] PHP Fatal error:  Class 'SassNode' not found in /var/www/vhosts/drupal-8.x/web/sites/kidsrestorethekepler/themes/custom/krtk0/src/phpsass/tree/SassDebugNode.php on line 18
[13-Oct-2016 00:34:02 UTC] PHP Fatal error:  Class 'SassNode' not found in /var/www/vhosts/drupal-8.x/web/sites/kidsrestorethekepler/themes/custom/krtk0/src/phpsass/tree/SassPropertyNode.php on line 18
[13-Oct-2016 00:34:03 UTC] PHP Fatal error:  Class 'SassNode' not found in /var/www/vhosts/drupal-8.x/web/sites/kidsrestorethekepler/themes/custom/krtk0/src/phpsass/tree/SassExtendNode.php on line 18
[13-Oct-2016 00:34:03 UTC] PHP Fatal error:  Class 'SassNode' not found in /var/www/vhosts/drupal-8.x/web/sites/kidsrestorethekepler/themes/custom/krtk0/src/phpsass/tree/SassReturnNode.php on line 18
[13-Oct-2016 00:34:45 UTC] PHP Fatal error:  Class 'SassNode' not found in /var/www/vhosts/drupal-8.x/web/sites/kidsrestorethekepler/themes/custom/krtk0/src/phpsass/tree/SassImportNode.php on line 18
[13-Oct-2016 00:34:45 UTC] PHP Fatal error:  Class 'SassIfNode' not found in /var/www/vhosts/drupal-8.x/web/sites/kidsrestorethekepler/themes/custom/krtk0/src/phpsass/tree/SassElseNode.php on line 19
[13-Oct-2016 00:34:45 UTC] PHP Fatal error:  Class 'SassNode' not found in /var/www/vhosts/drupal-8.x/web/sites/kidsrestorethekepler/themes/custom/krtk0/src/phpsass/tree/SassRuleNode.php on line 18
[13-Oct-2016 00:34:45 UTC] PHP Fatal error:  Class 'SassNode' not found in /var/www/vhosts/drupal-8.x/web/sites/kidsrestorethekepler/themes/custom/krtk0/src/phpsass/tree/SassWarnNode.php on line 18
[13-Oct-2016 00:34:45 UTC] PHP Fatal error:  Class 'SassNode' not found in /var/www/vhosts/drupal-8.x/web/sites/kidsrestorethekepler/themes/custom/krtk0/src/phpsass/tree/SassCommentNode.php on line 18
[13-Oct-2016 00:34:45 UTC] PHP Fatal error:  Class 'SassNode' not found in /var/www/vhosts/drupal-8.x/web/sites/kidsrestorethekepler/themes/custom/krtk0/src/phpsass/tree/SassFunctionDefinitionNode.php on line 18
[13-Oct-2016 00:34:45 UTC] PHP Fatal error:  Class 'SassNode' not found in /var/www/vhosts/drupal-8.x/web/sites/kidsrestorethekepler/themes/custom/krtk0/src/phpsass/tree/SassWhileNode.php on line 18
[13-Oct-2016 00:34:45 UTC] PHP Fatal error:  Class 'SassNode' not found in /var/www/vhosts/drupal-8.x/web/sites/kidsrestorethekepler/themes/custom/krtk0/src/phpsass/tree/SassMixinNode.php on line 18
[13-Oct-2016 00:34:46 UTC] PHP Fatal error:  Class 'SassNode' not found in /var/www/vhosts/drupal-8.x/web/sites/kidsrestorethekepler/themes/custom/krtk0/src/phpsass/tree/SassMediaNode.php on line 18
[13-Oct-2016 00:34:46 UTC] PHP Fatal error:  Class 'SassNode' not found in /var/www/vhosts/drupal-8.x/web/sites/kidsrestorethekepler/themes/custom/krtk0/src/phpsass/tree/SassMixinDefinitionNode.php on line 18
[13-Oct-2016 00:34:46 UTC] PHP Fatal error:  Class 'SassNode' not found in /var/www/vhosts/drupal-8.x/web/sites/kidsrestorethekepler/themes/custom/krtk0/src/phpsass/tree/SassDirectiveNode.php on line 18
[13-Oct-2016 00:34:46 UTC] PHP Fatal error:  Class 'SassNode' not found in /var/www/vhosts/drupal-8.x/web/sites/kidsrestorethekepler/themes/custom/krtk0/src/phpsass/tree/SassIfNode.php on line 19
[13-Oct-2016 00:34:46 UTC] PHP Fatal error:  Class 'SassNode' not found in /var/www/vhosts/drupal-8.x/web/sites/kidsrestorethekepler/themes/custom/krtk0/src/phpsass/tree/SassVariableNode.php on line 18
[13-Oct-2016 00:34:46 UTC] PHP Fatal error:  Class 'SassNode' not found in /var/www/vhosts/drupal-8.x/web/sites/kidsrestorethekepler/themes/custom/krtk0/src/phpsass/tree/SassRootNode.php on line 21
[13-Oct-2016 00:34:46 UTC] PHP Fatal error:  Class 'SassNode' not found in /var/www/vhosts/drupal-8.x/web/sites/kidsrestorethekepler/themes/custom/krtk0/src/phpsass/tree/SassContentNode.php on line 18
[13-Oct-2016 00:34:46 UTC] PHP Fatal error:  Class 'SassNode' not found in /var/www/vhosts/drupal-8.x/web/sites/kidsrestorethekepler/themes/custom/krtk0/src/phpsass/tree/SassForNode.php on line 28
[13-Oct-2016 00:34:46 UTC] PHP Fatal error:  Class 'SassNode' not found in /var/www/vhosts/drupal-8.x/web/sites/kidsrestorethekepler/themes/custom/krtk0/src/phpsass/tree/SassEachNode.php on line 25
[13-Oct-2016 00:34:46 UTC] PHP Fatal error:  Class 'SassNode' not found in /var/www/vhosts/drupal-8.x/web/sites/kidsrestorethekepler/themes/custom/krtk0/src/phpsass/tree/SassDebugNode.php on line 18
[13-Oct-2016 00:34:47 UTC] PHP Fatal error:  Class 'SassNode' not found in /var/www/vhosts/drupal-8.x/web/sites/kidsrestorethekepler/themes/custom/krtk0/src/phpsass/tree/SassPropertyNode.php on line 18
[13-Oct-2016 00:34:47 UTC] PHP Fatal error:  Class 'SassNode' not found in /var/www/vhosts/drupal-8.x/web/sites/kidsrestorethekepler/themes/custom/krtk0/src/phpsass/tree/SassExtendNode.php on line 18
[13-Oct-2016 00:34:47 UTC] PHP Fatal error:  Class 'SassNode' not found in /var/www/vhosts/drupal-8.x/web/sites/kidsrestorethekepler/themes/custom/krtk0/src/phpsass/tree/SassReturnNode.php on line 18
[06-Jan-2017 03:38:06 UTC] PHP Fatal error:  Class 'SassNode' not found in /var/www/vhosts/kidsrestorethekepler.co.nz/drupal-8.x/web/sites/kidsrestorethekepler/themes/custom/krtk0/src/phpsass/tree/SassMixinDefinitionNode.php on line 18
[06-Jan-2017 03:38:06 UTC] PHP Fatal error:  Class 'SassNode' not found in /var/www/vhosts/kidsrestorethekepler.co.nz/drupal-8.x/web/sites/kidsrestorethekepler/themes/custom/krtk0/src/phpsass/tree/SassContentNode.php on line 18
[06-Jan-2017 03:38:06 UTC] PHP Fatal error:  Class 'SassNode' not found in /var/www/vhosts/kidsrestorethekepler.co.nz/drupal-8.x/web/sites/kidsrestorethekepler/themes/custom/krtk0/src/phpsass/tree/SassDebugNode.php on line 18
[06-Jan-2017 03:38:06 UTC] PHP Fatal error:  Class 'SassNode' not found in /var/www/vhosts/kidsrestorethekepler.co.nz/drupal-8.x/web/sites/kidsrestorethekepler/themes/custom/krtk0/src/phpsass/tree/SassDirectiveNode.php on line 18
[06-Jan-2017 03:38:07 UTC] PHP Fatal error:  Class 'SassNode' not found in /var/www/vhosts/kidsrestorethekepler.co.nz/drupal-8.x/web/sites/kidsrestorethekepler/themes/custom/krtk0/src/phpsass/tree/SassMixinNode.php on line 18
[06-Jan-2017 03:38:07 UTC] PHP Fatal error:  Class 'SassNode' not found in /var/www/vhosts/kidsrestorethekepler.co.nz/drupal-8.x/web/sites/kidsrestorethekepler/themes/custom/krtk0/src/phpsass/tree/SassEachNode.php on line 25
[06-Jan-2017 03:38:07 UTC] PHP Fatal error:  Class 'SassNode' not found in /var/www/vhosts/kidsrestorethekepler.co.nz/drupal-8.x/web/sites/kidsrestorethekepler/themes/custom/krtk0/src/phpsass/tree/SassMediaNode.php on line 18
[06-Jan-2017 03:38:07 UTC] PHP Fatal error:  Class 'SassNode' not found in /var/www/vhosts/kidsrestorethekepler.co.nz/drupal-8.x/web/sites/kidsrestorethekepler/themes/custom/krtk0/src/phpsass/tree/SassFunctionDefinitionNode.php on line 18
[06-Jan-2017 03:38:07 UTC] PHP Fatal error:  Class 'SassNode' not found in /var/www/vhosts/kidsrestorethekepler.co.nz/drupal-8.x/web/sites/kidsrestorethekepler/themes/custom/krtk0/src/phpsass/tree/SassRuleNode.php on line 18
[06-Jan-2017 03:38:07 UTC] PHP Fatal error:  Class 'SassNode' not found in /var/www/vhosts/kidsrestorethekepler.co.nz/drupal-8.x/web/sites/kidsrestorethekepler/themes/custom/krtk0/src/phpsass/tree/SassExtendNode.php on line 18
[06-Jan-2017 03:38:08 UTC] PHP Fatal error:  Class 'SassNode' not found in /var/www/vhosts/kidsrestorethekepler.co.nz/drupal-8.x/web/sites/kidsrestorethekepler/themes/custom/krtk0/src/phpsass/tree/SassReturnNode.php on line 18
[06-Jan-2017 03:38:08 UTC] PHP Fatal error:  Class 'SassIfNode' not found in /var/www/vhosts/kidsrestorethekepler.co.nz/drupal-8.x/web/sites/kidsrestorethekepler/themes/custom/krtk0/src/phpsass/tree/SassElseNode.php on line 19
[06-Jan-2017 03:38:08 UTC] PHP Fatal error:  Class 'SassNode' not found in /var/www/vhosts/kidsrestorethekepler.co.nz/drupal-8.x/web/sites/kidsrestorethekepler/themes/custom/krtk0/src/phpsass/tree/SassWarnNode.php on line 18
[06-Jan-2017 03:38:08 UTC] PHP Fatal error:  Class 'SassNode' not found in /var/www/vhosts/kidsrestorethekepler.co.nz/drupal-8.x/web/sites/kidsrestorethekepler/themes/custom/krtk0/src/phpsass/tree/SassImportNode.php on line 18
[06-Jan-2017 03:38:08 UTC] PHP Fatal error:  Class 'SassNode' not found in /var/www/vhosts/kidsrestorethekepler.co.nz/drupal-8.x/web/sites/kidsrestorethekepler/themes/custom/krtk0/src/phpsass/tree/SassPropertyNode.php on line 18
[06-Jan-2017 03:38:09 UTC] PHP Fatal error:  Class 'SassNode' not found in /var/www/vhosts/kidsrestorethekepler.co.nz/drupal-8.x/web/sites/kidsrestorethekepler/themes/custom/krtk0/src/phpsass/tree/SassForNode.php on line 28
[06-Jan-2017 03:38:09 UTC] PHP Fatal error:  Class 'SassNode' not found in /var/www/vhosts/kidsrestorethekepler.co.nz/drupal-8.x/web/sites/kidsrestorethekepler/themes/custom/krtk0/src/phpsass/tree/SassIfNode.php on line 19
[06-Jan-2017 03:38:09 UTC] PHP Fatal error:  Class 'SassNode' not found in /var/www/vhosts/kidsrestorethekepler.co.nz/drupal-8.x/web/sites/kidsrestorethekepler/themes/custom/krtk0/src/phpsass/tree/SassWhileNode.php on line 18
[06-Jan-2017 03:38:09 UTC] PHP Fatal error:  Class 'SassNode' not found in /var/www/vhosts/kidsrestorethekepler.co.nz/drupal-8.x/web/sites/kidsrestorethekepler/themes/custom/krtk0/src/phpsass/tree/SassVariableNode.php on line 18
[06-Jan-2017 03:38:09 UTC] PHP Fatal error:  Class 'SassNode' not found in /var/www/vhosts/kidsrestorethekepler.co.nz/drupal-8.x/web/sites/kidsrestorethekepler/themes/custom/krtk0/src/phpsass/tree/SassRootNode.php on line 21
[06-Jan-2017 03:38:09 UTC] PHP Fatal error:  Class 'SassNode' not found in /var/www/vhosts/kidsrestorethekepler.co.nz/drupal-8.x/web/sites/kidsrestorethekepler/themes/custom/krtk0/src/phpsass/tree/SassCommentNode.php on line 18
[06-Jan-2017 03:40:22 UTC] PHP Fatal error:  Class 'SassNode' not found in /var/www/vhosts/kidsrestorethekepler.co.nz/drupal-8.x/web/sites/kidsrestorethekepler/themes/custom/krtk0/src/phpsass/tree/SassMixinDefinitionNode.php on line 18
[06-Jan-2017 03:40:22 UTC] PHP Fatal error:  Class 'SassNode' not found in /var/www/vhosts/kidsrestorethekepler.co.nz/drupal-8.x/web/sites/kidsrestorethekepler/themes/custom/krtk0/src/phpsass/tree/SassContentNode.php on line 18
[06-Jan-2017 03:40:22 UTC] PHP Fatal error:  Class 'SassNode' not found in /var/www/vhosts/kidsrestorethekepler.co.nz/drupal-8.x/web/sites/kidsrestorethekepler/themes/custom/krtk0/src/phpsass/tree/SassDebugNode.php on line 18
[06-Jan-2017 03:40:22 UTC] PHP Fatal error:  Class 'SassNode' not found in /var/www/vhosts/kidsrestorethekepler.co.nz/drupal-8.x/web/sites/kidsrestorethekepler/themes/custom/krtk0/src/phpsass/tree/SassDirectiveNode.php on line 18
[06-Jan-2017 03:40:22 UTC] PHP Fatal error:  Class 'SassNode' not found in /var/www/vhosts/kidsrestorethekepler.co.nz/drupal-8.x/web/sites/kidsrestorethekepler/themes/custom/krtk0/src/phpsass/tree/SassMixinNode.php on line 18
[06-Jan-2017 03:40:22 UTC] PHP Fatal error:  Class 'SassNode' not found in /var/www/vhosts/kidsrestorethekepler.co.nz/drupal-8.x/web/sites/kidsrestorethekepler/themes/custom/krtk0/src/phpsass/tree/SassEachNode.php on line 25
[06-Jan-2017 03:40:23 UTC] PHP Fatal error:  Class 'SassNode' not found in /var/www/vhosts/kidsrestorethekepler.co.nz/drupal-8.x/web/sites/kidsrestorethekepler/themes/custom/krtk0/src/phpsass/tree/SassMediaNode.php on line 18
[06-Jan-2017 03:40:23 UTC] PHP Fatal error:  Class 'SassNode' not found in /var/www/vhosts/kidsrestorethekepler.co.nz/drupal-8.x/web/sites/kidsrestorethekepler/themes/custom/krtk0/src/phpsass/tree/SassFunctionDefinitionNode.php on line 18
[06-Jan-2017 03:40:23 UTC] PHP Fatal error:  Class 'SassNode' not found in /var/www/vhosts/kidsrestorethekepler.co.nz/drupal-8.x/web/sites/kidsrestorethekepler/themes/custom/krtk0/src/phpsass/tree/SassRuleNode.php on line 18
[06-Jan-2017 03:40:23 UTC] PHP Fatal error:  Class 'SassNode' not found in /var/www/vhosts/kidsrestorethekepler.co.nz/drupal-8.x/web/sites/kidsrestorethekepler/themes/custom/krtk0/src/phpsass/tree/SassExtendNode.php on line 18
[06-Jan-2017 03:40:23 UTC] PHP Fatal error:  Class 'SassNode' not found in /var/www/vhosts/kidsrestorethekepler.co.nz/drupal-8.x/web/sites/kidsrestorethekepler/themes/custom/krtk0/src/phpsass/tree/SassReturnNode.php on line 18
[06-Jan-2017 03:40:24 UTC] PHP Fatal error:  Class 'SassIfNode' not found in /var/www/vhosts/kidsrestorethekepler.co.nz/drupal-8.x/web/sites/kidsrestorethekepler/themes/custom/krtk0/src/phpsass/tree/SassElseNode.php on line 19
[06-Jan-2017 03:40:24 UTC] PHP Fatal error:  Class 'SassNode' not found in /var/www/vhosts/kidsrestorethekepler.co.nz/drupal-8.x/web/sites/kidsrestorethekepler/themes/custom/krtk0/src/phpsass/tree/SassWarnNode.php on line 18
[06-Jan-2017 03:40:24 UTC] PHP Fatal error:  Class 'SassNode' not found in /var/www/vhosts/kidsrestorethekepler.co.nz/drupal-8.x/web/sites/kidsrestorethekepler/themes/custom/krtk0/src/phpsass/tree/SassImportNode.php on line 18
[06-Jan-2017 03:40:24 UTC] PHP Fatal error:  Class 'SassNode' not found in /var/www/vhosts/kidsrestorethekepler.co.nz/drupal-8.x/web/sites/kidsrestorethekepler/themes/custom/krtk0/src/phpsass/tree/SassPropertyNode.php on line 18
[06-Jan-2017 03:40:24 UTC] PHP Fatal error:  Class 'SassNode' not found in /var/www/vhosts/kidsrestorethekepler.co.nz/drupal-8.x/web/sites/kidsrestorethekepler/themes/custom/krtk0/src/phpsass/tree/SassForNode.php on line 28
[06-Jan-2017 03:40:24 UTC] PHP Fatal error:  Class 'SassNode' not found in /var/www/vhosts/kidsrestorethekepler.co.nz/drupal-8.x/web/sites/kidsrestorethekepler/themes/custom/krtk0/src/phpsass/tree/SassIfNode.php on line 19
[06-Jan-2017 03:40:25 UTC] PHP Fatal error:  Class 'SassNode' not found in /var/www/vhosts/kidsrestorethekepler.co.nz/drupal-8.x/web/sites/kidsrestorethekepler/themes/custom/krtk0/src/phpsass/tree/SassWhileNode.php on line 18
[06-Jan-2017 03:40:25 UTC] PHP Fatal error:  Class 'SassNode' not found in /var/www/vhosts/kidsrestorethekepler.co.nz/drupal-8.x/web/sites/kidsrestorethekepler/themes/custom/krtk0/src/phpsass/tree/SassVariableNode.php on line 18
[06-Jan-2017 03:40:25 UTC] PHP Fatal error:  Class 'SassNode' not found in /var/www/vhosts/kidsrestorethekepler.co.nz/drupal-8.x/web/sites/kidsrestorethekepler/themes/custom/krtk0/src/phpsass/tree/SassRootNode.php on line 21
[06-Jan-2017 03:40:25 UTC] PHP Fatal error:  Class 'SassNode' not found in /var/www/vhosts/kidsrestorethekepler.co.nz/drupal-8.x/web/sites/kidsrestorethekepler/themes/custom/krtk0/src/phpsass/tree/SassCommentNode.php on line 18
[06-Jan-2017 03:44:27 UTC] PHP Fatal error:  Class 'SassNode' not found in /var/www/vhosts/kidsrestorethekepler.co.nz/drupal-8.x/web/sites/kidsrestorethekepler/themes/custom/krtk0/src/phpsass/tree/SassMixinDefinitionNode.php on line 18
[06-Jan-2017 03:44:27 UTC] PHP Fatal error:  Class 'SassNode' not found in /var/www/vhosts/kidsrestorethekepler.co.nz/drupal-8.x/web/sites/kidsrestorethekepler/themes/custom/krtk0/src/phpsass/tree/SassContentNode.php on line 18
[06-Jan-2017 03:44:27 UTC] PHP Fatal error:  Class 'SassNode' not found in /var/www/vhosts/kidsrestorethekepler.co.nz/drupal-8.x/web/sites/kidsrestorethekepler/themes/custom/krtk0/src/phpsass/tree/SassDebugNode.php on line 18
[06-Jan-2017 03:44:27 UTC] PHP Fatal error:  Class 'SassNode' not found in /var/www/vhosts/kidsrestorethekepler.co.nz/drupal-8.x/web/sites/kidsrestorethekepler/themes/custom/krtk0/src/phpsass/tree/SassDirectiveNode.php on line 18
[06-Jan-2017 03:44:28 UTC] PHP Fatal error:  Class 'SassNode' not found in /var/www/vhosts/kidsrestorethekepler.co.nz/drupal-8.x/web/sites/kidsrestorethekepler/themes/custom/krtk0/src/phpsass/tree/SassMixinNode.php on line 18
[06-Jan-2017 03:44:28 UTC] PHP Fatal error:  Class 'SassNode' not found in /var/www/vhosts/kidsrestorethekepler.co.nz/drupal-8.x/web/sites/kidsrestorethekepler/themes/custom/krtk0/src/phpsass/tree/SassEachNode.php on line 25
[06-Jan-2017 03:44:28 UTC] PHP Fatal error:  Class 'SassNode' not found in /var/www/vhosts/kidsrestorethekepler.co.nz/drupal-8.x/web/sites/kidsrestorethekepler/themes/custom/krtk0/src/phpsass/tree/SassMediaNode.php on line 18
[06-Jan-2017 03:44:28 UTC] PHP Fatal error:  Class 'SassNode' not found in /var/www/vhosts/kidsrestorethekepler.co.nz/drupal-8.x/web/sites/kidsrestorethekepler/themes/custom/krtk0/src/phpsass/tree/SassFunctionDefinitionNode.php on line 18
[06-Jan-2017 03:44:28 UTC] PHP Fatal error:  Class 'SassNode' not found in /var/www/vhosts/kidsrestorethekepler.co.nz/drupal-8.x/web/sites/kidsrestorethekepler/themes/custom/krtk0/src/phpsass/tree/SassRuleNode.php on line 18
[06-Jan-2017 03:44:28 UTC] PHP Fatal error:  Class 'SassNode' not found in /var/www/vhosts/kidsrestorethekepler.co.nz/drupal-8.x/web/sites/kidsrestorethekepler/themes/custom/krtk0/src/phpsass/tree/SassExtendNode.php on line 18
[06-Jan-2017 03:44:29 UTC] PHP Fatal error:  Class 'SassNode' not found in /var/www/vhosts/kidsrestorethekepler.co.nz/drupal-8.x/web/sites/kidsrestorethekepler/themes/custom/krtk0/src/phpsass/tree/SassReturnNode.php on line 18
[06-Jan-2017 03:44:29 UTC] PHP Fatal error:  Class 'SassIfNode' not found in /var/www/vhosts/kidsrestorethekepler.co.nz/drupal-8.x/web/sites/kidsrestorethekepler/themes/custom/krtk0/src/phpsass/tree/SassElseNode.php on line 19
[06-Jan-2017 03:44:29 UTC] PHP Fatal error:  Class 'SassNode' not found in /var/www/vhosts/kidsrestorethekepler.co.nz/drupal-8.x/web/sites/kidsrestorethekepler/themes/custom/krtk0/src/phpsass/tree/SassWarnNode.php on line 18
[06-Jan-2017 03:44:29 UTC] PHP Fatal error:  Class 'SassNode' not found in /var/www/vhosts/kidsrestorethekepler.co.nz/drupal-8.x/web/sites/kidsrestorethekepler/themes/custom/krtk0/src/phpsass/tree/SassImportNode.php on line 18
[06-Jan-2017 03:44:29 UTC] PHP Fatal error:  Class 'SassNode' not found in /var/www/vhosts/kidsrestorethekepler.co.nz/drupal-8.x/web/sites/kidsrestorethekepler/themes/custom/krtk0/src/phpsass/tree/SassPropertyNode.php on line 18
[06-Jan-2017 03:44:29 UTC] PHP Fatal error:  Class 'SassNode' not found in /var/www/vhosts/kidsrestorethekepler.co.nz/drupal-8.x/web/sites/kidsrestorethekepler/themes/custom/krtk0/src/phpsass/tree/SassForNode.php on line 28
[06-Jan-2017 03:44:30 UTC] PHP Fatal error:  Class 'SassNode' not found in /var/www/vhosts/kidsrestorethekepler.co.nz/drupal-8.x/web/sites/kidsrestorethekepler/themes/custom/krtk0/src/phpsass/tree/SassIfNode.php on line 19
[06-Jan-2017 03:44:30 UTC] PHP Fatal error:  Class 'SassNode' not found in /var/www/vhosts/kidsrestorethekepler.co.nz/drupal-8.x/web/sites/kidsrestorethekepler/themes/custom/krtk0/src/phpsass/tree/SassWhileNode.php on line 18
[06-Jan-2017 03:44:30 UTC] PHP Fatal error:  Class 'SassNode' not found in /var/www/vhosts/kidsrestorethekepler.co.nz/drupal-8.x/web/sites/kidsrestorethekepler/themes/custom/krtk0/src/phpsass/tree/SassVariableNode.php on line 18
[06-Jan-2017 03:44:30 UTC] PHP Fatal error:  Class 'SassNode' not found in /var/www/vhosts/kidsrestorethekepler.co.nz/drupal-8.x/web/sites/kidsrestorethekepler/themes/custom/krtk0/src/phpsass/tree/SassRootNode.php on line 21
[06-Jan-2017 03:44:30 UTC] PHP Fatal error:  Class 'SassNode' not found in /var/www/vhosts/kidsrestorethekepler.co.nz/drupal-8.x/web/sites/kidsrestorethekepler/themes/custom/krtk0/src/phpsass/tree/SassCommentNode.php on line 18
[06-Jan-2017 03:46:13 UTC] PHP Fatal error:  Class 'SassNode' not found in /var/www/vhosts/kidsrestorethekepler.co.nz/drupal-8.x/web/sites/kidsrestorethekepler/themes/custom/krtk0/src/phpsass/tree/SassMixinDefinitionNode.php on line 18
[06-Jan-2017 03:46:13 UTC] PHP Fatal error:  Class 'SassNode' not found in /var/www/vhosts/kidsrestorethekepler.co.nz/drupal-8.x/web/sites/kidsrestorethekepler/themes/custom/krtk0/src/phpsass/tree/SassContentNode.php on line 18
[06-Jan-2017 03:46:13 UTC] PHP Fatal error:  Class 'SassNode' not found in /var/www/vhosts/kidsrestorethekepler.co.nz/drupal-8.x/web/sites/kidsrestorethekepler/themes/custom/krtk0/src/phpsass/tree/SassDebugNode.php on line 18
[06-Jan-2017 03:46:14 UTC] PHP Fatal error:  Class 'SassNode' not found in /var/www/vhosts/kidsrestorethekepler.co.nz/drupal-8.x/web/sites/kidsrestorethekepler/themes/custom/krtk0/src/phpsass/tree/SassDirectiveNode.php on line 18
[06-Jan-2017 03:46:14 UTC] PHP Fatal error:  Class 'SassNode' not found in /var/www/vhosts/kidsrestorethekepler.co.nz/drupal-8.x/web/sites/kidsrestorethekepler/themes/custom/krtk0/src/phpsass/tree/SassMixinNode.php on line 18
[06-Jan-2017 03:46:14 UTC] PHP Fatal error:  Class 'SassNode' not found in /var/www/vhosts/kidsrestorethekepler.co.nz/drupal-8.x/web/sites/kidsrestorethekepler/themes/custom/krtk0/src/phpsass/tree/SassEachNode.php on line 25
[06-Jan-2017 03:46:14 UTC] PHP Fatal error:  Class 'SassNode' not found in /var/www/vhosts/kidsrestorethekepler.co.nz/drupal-8.x/web/sites/kidsrestorethekepler/themes/custom/krtk0/src/phpsass/tree/SassMediaNode.php on line 18
[06-Jan-2017 03:46:14 UTC] PHP Fatal error:  Class 'SassNode' not found in /var/www/vhosts/kidsrestorethekepler.co.nz/drupal-8.x/web/sites/kidsrestorethekepler/themes/custom/krtk0/src/phpsass/tree/SassFunctionDefinitionNode.php on line 18
[06-Jan-2017 03:46:14 UTC] PHP Fatal error:  Class 'SassNode' not found in /var/www/vhosts/kidsrestorethekepler.co.nz/drupal-8.x/web/sites/kidsrestorethekepler/themes/custom/krtk0/src/phpsass/tree/SassRuleNode.php on line 18
[06-Jan-2017 03:46:15 UTC] PHP Fatal error:  Class 'SassNode' not found in /var/www/vhosts/kidsrestorethekepler.co.nz/drupal-8.x/web/sites/kidsrestorethekepler/themes/custom/krtk0/src/phpsass/tree/SassExtendNode.php on line 18
[06-Jan-2017 03:46:15 UTC] PHP Fatal error:  Class 'SassNode' not found in /var/www/vhosts/kidsrestorethekepler.co.nz/drupal-8.x/web/sites/kidsrestorethekepler/themes/custom/krtk0/src/phpsass/tree/SassReturnNode.php on line 18
[06-Jan-2017 03:46:15 UTC] PHP Fatal error:  Class 'SassIfNode' not found in /var/www/vhosts/kidsrestorethekepler.co.nz/drupal-8.x/web/sites/kidsrestorethekepler/themes/custom/krtk0/src/phpsass/tree/SassElseNode.php on line 19
[06-Jan-2017 03:46:15 UTC] PHP Fatal error:  Class 'SassNode' not found in /var/www/vhosts/kidsrestorethekepler.co.nz/drupal-8.x/web/sites/kidsrestorethekepler/themes/custom/krtk0/src/phpsass/tree/SassWarnNode.php on line 18
[06-Jan-2017 03:46:15 UTC] PHP Fatal error:  Class 'SassNode' not found in /var/www/vhosts/kidsrestorethekepler.co.nz/drupal-8.x/web/sites/kidsrestorethekepler/themes/custom/krtk0/src/phpsass/tree/SassImportNode.php on line 18
[06-Jan-2017 03:46:15 UTC] PHP Fatal error:  Class 'SassNode' not found in /var/www/vhosts/kidsrestorethekepler.co.nz/drupal-8.x/web/sites/kidsrestorethekepler/themes/custom/krtk0/src/phpsass/tree/SassPropertyNode.php on line 18
[06-Jan-2017 03:46:16 UTC] PHP Fatal error:  Class 'SassNode' not found in /var/www/vhosts/kidsrestorethekepler.co.nz/drupal-8.x/web/sites/kidsrestorethekepler/themes/custom/krtk0/src/phpsass/tree/SassForNode.php on line 28
[06-Jan-2017 03:46:16 UTC] PHP Fatal error:  Class 'SassNode' not found in /var/www/vhosts/kidsrestorethekepler.co.nz/drupal-8.x/web/sites/kidsrestorethekepler/themes/custom/krtk0/src/phpsass/tree/SassIfNode.php on line 19
[06-Jan-2017 03:46:16 UTC] PHP Fatal error:  Class 'SassNode' not found in /var/www/vhosts/kidsrestorethekepler.co.nz/drupal-8.x/web/sites/kidsrestorethekepler/themes/custom/krtk0/src/phpsass/tree/SassWhileNode.php on line 18
[06-Jan-2017 03:46:16 UTC] PHP Fatal error:  Class 'SassNode' not found in /var/www/vhosts/kidsrestorethekepler.co.nz/drupal-8.x/web/sites/kidsrestorethekepler/themes/custom/krtk0/src/phpsass/tree/SassVariableNode.php on line 18
[06-Jan-2017 03:46:16 UTC] PHP Fatal error:  Class 'SassNode' not found in /var/www/vhosts/kidsrestorethekepler.co.nz/drupal-8.x/web/sites/kidsrestorethekepler/themes/custom/krtk0/src/phpsass/tree/SassRootNode.php on line 21
[06-Jan-2017 03:46:17 UTC] PHP Fatal error:  Class 'SassNode' not found in /var/www/vhosts/kidsrestorethekepler.co.nz/drupal-8.x/web/sites/kidsrestorethekepler/themes/custom/krtk0/src/phpsass/tree/SassCommentNode.php on line 18
[06-Jan-2017 03:48:18 UTC] PHP Fatal error:  Class 'SassNode' not found in /var/www/vhosts/kidsrestorethekepler.co.nz/drupal-8.x/web/sites/kidsrestorethekepler/themes/custom/krtk0/src/phpsass/tree/SassMixinDefinitionNode.php on line 18
[06-Jan-2017 03:48:18 UTC] PHP Fatal error:  Class 'SassNode' not found in /var/www/vhosts/kidsrestorethekepler.co.nz/drupal-8.x/web/sites/kidsrestorethekepler/themes/custom/krtk0/src/phpsass/tree/SassContentNode.php on line 18
[06-Jan-2017 03:48:19 UTC] PHP Fatal error:  Class 'SassNode' not found in /var/www/vhosts/kidsrestorethekepler.co.nz/drupal-8.x/web/sites/kidsrestorethekepler/themes/custom/krtk0/src/phpsass/tree/SassDebugNode.php on line 18
[06-Jan-2017 03:48:19 UTC] PHP Fatal error:  Class 'SassNode' not found in /var/www/vhosts/kidsrestorethekepler.co.nz/drupal-8.x/web/sites/kidsrestorethekepler/themes/custom/krtk0/src/phpsass/tree/SassDirectiveNode.php on line 18
[06-Jan-2017 03:48:19 UTC] PHP Fatal error:  Class 'SassNode' not found in /var/www/vhosts/kidsrestorethekepler.co.nz/drupal-8.x/web/sites/kidsrestorethekepler/themes/custom/krtk0/src/phpsass/tree/SassMixinNode.php on line 18
[06-Jan-2017 03:48:19 UTC] PHP Fatal error:  Class 'SassNode' not found in /var/www/vhosts/kidsrestorethekepler.co.nz/drupal-8.x/web/sites/kidsrestorethekepler/themes/custom/krtk0/src/phpsass/tree/SassEachNode.php on line 25
[06-Jan-2017 03:48:20 UTC] PHP Fatal error:  Class 'SassNode' not found in /var/www/vhosts/kidsrestorethekepler.co.nz/drupal-8.x/web/sites/kidsrestorethekepler/themes/custom/krtk0/src/phpsass/tree/SassMediaNode.php on line 18
[06-Jan-2017 03:48:20 UTC] PHP Fatal error:  Class 'SassNode' not found in /var/www/vhosts/kidsrestorethekepler.co.nz/drupal-8.x/web/sites/kidsrestorethekepler/themes/custom/krtk0/src/phpsass/tree/SassFunctionDefinitionNode.php on line 18
[06-Jan-2017 03:48:20 UTC] PHP Fatal error:  Class 'SassNode' not found in /var/www/vhosts/kidsrestorethekepler.co.nz/drupal-8.x/web/sites/kidsrestorethekepler/themes/custom/krtk0/src/phpsass/tree/SassRuleNode.php on line 18
[06-Jan-2017 03:48:20 UTC] PHP Fatal error:  Class 'SassNode' not found in /var/www/vhosts/kidsrestorethekepler.co.nz/drupal-8.x/web/sites/kidsrestorethekepler/themes/custom/krtk0/src/phpsass/tree/SassExtendNode.php on line 18
[06-Jan-2017 03:48:20 UTC] PHP Fatal error:  Class 'SassNode' not found in /var/www/vhosts/kidsrestorethekepler.co.nz/drupal-8.x/web/sites/kidsrestorethekepler/themes/custom/krtk0/src/phpsass/tree/SassReturnNode.php on line 18
[06-Jan-2017 03:48:20 UTC] PHP Fatal error:  Class 'SassIfNode' not found in /var/www/vhosts/kidsrestorethekepler.co.nz/drupal-8.x/web/sites/kidsrestorethekepler/themes/custom/krtk0/src/phpsass/tree/SassElseNode.php on line 19
[06-Jan-2017 03:48:21 UTC] PHP Fatal error:  Class 'SassNode' not found in /var/www/vhosts/kidsrestorethekepler.co.nz/drupal-8.x/web/sites/kidsrestorethekepler/themes/custom/krtk0/src/phpsass/tree/SassWarnNode.php on line 18
[06-Jan-2017 03:48:21 UTC] PHP Fatal error:  Class 'SassNode' not found in /var/www/vhosts/kidsrestorethekepler.co.nz/drupal-8.x/web/sites/kidsrestorethekepler/themes/custom/krtk0/src/phpsass/tree/SassImportNode.php on line 18
[06-Jan-2017 03:48:21 UTC] PHP Fatal error:  Class 'SassNode' not found in /var/www/vhosts/kidsrestorethekepler.co.nz/drupal-8.x/web/sites/kidsrestorethekepler/themes/custom/krtk0/src/phpsass/tree/SassPropertyNode.php on line 18
[06-Jan-2017 03:48:21 UTC] PHP Fatal error:  Class 'SassNode' not found in /var/www/vhosts/kidsrestorethekepler.co.nz/drupal-8.x/web/sites/kidsrestorethekepler/themes/custom/krtk0/src/phpsass/tree/SassForNode.php on line 28
[06-Jan-2017 03:48:21 UTC] PHP Fatal error:  Class 'SassNode' not found in /var/www/vhosts/kidsrestorethekepler.co.nz/drupal-8.x/web/sites/kidsrestorethekepler/themes/custom/krtk0/src/phpsass/tree/SassIfNode.php on line 19
[06-Jan-2017 03:48:21 UTC] PHP Fatal error:  Class 'SassNode' not found in /var/www/vhosts/kidsrestorethekepler.co.nz/drupal-8.x/web/sites/kidsrestorethekepler/themes/custom/krtk0/src/phpsass/tree/SassWhileNode.php on line 18
[06-Jan-2017 03:48:22 UTC] PHP Fatal error:  Class 'SassNode' not found in /var/www/vhosts/kidsrestorethekepler.co.nz/drupal-8.x/web/sites/kidsrestorethekepler/themes/custom/krtk0/src/phpsass/tree/SassVariableNode.php on line 18
[06-Jan-2017 03:48:22 UTC] PHP Fatal error:  Class 'SassNode' not found in /var/www/vhosts/kidsrestorethekepler.co.nz/drupal-8.x/web/sites/kidsrestorethekepler/themes/custom/krtk0/src/phpsass/tree/SassRootNode.php on line 21
[06-Jan-2017 03:48:22 UTC] PHP Fatal error:  Class 'SassNode' not found in /var/www/vhosts/kidsrestorethekepler.co.nz/drupal-8.x/web/sites/kidsrestorethekepler/themes/custom/krtk0/src/phpsass/tree/SassCommentNode.php on line 18
[06-Jan-2017 03:49:55 UTC] PHP Fatal error:  Class 'SassNode' not found in /var/www/vhosts/kidsrestorethekepler.co.nz/drupal-8.x/web/sites/kidsrestorethekepler/themes/custom/krtk0/src/phpsass/tree/SassMixinDefinitionNode.php on line 18
[06-Jan-2017 03:49:56 UTC] PHP Fatal error:  Class 'SassNode' not found in /var/www/vhosts/kidsrestorethekepler.co.nz/drupal-8.x/web/sites/kidsrestorethekepler/themes/custom/krtk0/src/phpsass/tree/SassContentNode.php on line 18
[06-Jan-2017 03:49:56 UTC] PHP Fatal error:  Class 'SassNode' not found in /var/www/vhosts/kidsrestorethekepler.co.nz/drupal-8.x/web/sites/kidsrestorethekepler/themes/custom/krtk0/src/phpsass/tree/SassDebugNode.php on line 18
[06-Jan-2017 03:49:56 UTC] PHP Fatal error:  Class 'SassNode' not found in /var/www/vhosts/kidsrestorethekepler.co.nz/drupal-8.x/web/sites/kidsrestorethekepler/themes/custom/krtk0/src/phpsass/tree/SassDirectiveNode.php on line 18
[06-Jan-2017 03:49:56 UTC] PHP Fatal error:  Class 'SassNode' not found in /var/www/vhosts/kidsrestorethekepler.co.nz/drupal-8.x/web/sites/kidsrestorethekepler/themes/custom/krtk0/src/phpsass/tree/SassMixinNode.php on line 18
[06-Jan-2017 03:49:56 UTC] PHP Fatal error:  Class 'SassNode' not found in /var/www/vhosts/kidsrestorethekepler.co.nz/drupal-8.x/web/sites/kidsrestorethekepler/themes/custom/krtk0/src/phpsass/tree/SassEachNode.php on line 25
[06-Jan-2017 03:49:56 UTC] PHP Fatal error:  Class 'SassNode' not found in /var/www/vhosts/kidsrestorethekepler.co.nz/drupal-8.x/web/sites/kidsrestorethekepler/themes/custom/krtk0/src/phpsass/tree/SassMediaNode.php on line 18
[06-Jan-2017 03:49:57 UTC] PHP Fatal error:  Class 'SassNode' not found in /var/www/vhosts/kidsrestorethekepler.co.nz/drupal-8.x/web/sites/kidsrestorethekepler/themes/custom/krtk0/src/phpsass/tree/SassFunctionDefinitionNode.php on line 18
[06-Jan-2017 03:49:57 UTC] PHP Fatal error:  Class 'SassNode' not found in /var/www/vhosts/kidsrestorethekepler.co.nz/drupal-8.x/web/sites/kidsrestorethekepler/themes/custom/krtk0/src/phpsass/tree/SassRuleNode.php on line 18
[06-Jan-2017 03:49:57 UTC] PHP Fatal error:  Class 'SassNode' not found in /var/www/vhosts/kidsrestorethekepler.co.nz/drupal-8.x/web/sites/kidsrestorethekepler/themes/custom/krtk0/src/phpsass/tree/SassExtendNode.php on line 18
[06-Jan-2017 03:49:57 UTC] PHP Fatal error:  Class 'SassNode' not found in /var/www/vhosts/kidsrestorethekepler.co.nz/drupal-8.x/web/sites/kidsrestorethekepler/themes/custom/krtk0/src/phpsass/tree/SassReturnNode.php on line 18
[06-Jan-2017 03:49:58 UTC] PHP Fatal error:  Class 'SassIfNode' not found in /var/www/vhosts/kidsrestorethekepler.co.nz/drupal-8.x/web/sites/kidsrestorethekepler/themes/custom/krtk0/src/phpsass/tree/SassElseNode.php on line 19
[06-Jan-2017 03:49:58 UTC] PHP Fatal error:  Class 'SassNode' not found in /var/www/vhosts/kidsrestorethekepler.co.nz/drupal-8.x/web/sites/kidsrestorethekepler/themes/custom/krtk0/src/phpsass/tree/SassWarnNode.php on line 18
[06-Jan-2017 03:49:58 UTC] PHP Fatal error:  Class 'SassNode' not found in /var/www/vhosts/kidsrestorethekepler.co.nz/drupal-8.x/web/sites/kidsrestorethekepler/themes/custom/krtk0/src/phpsass/tree/SassImportNode.php on line 18
[06-Jan-2017 03:49:58 UTC] PHP Fatal error:  Class 'SassNode' not found in /var/www/vhosts/kidsrestorethekepler.co.nz/drupal-8.x/web/sites/kidsrestorethekepler/themes/custom/krtk0/src/phpsass/tree/SassPropertyNode.php on line 18
[06-Jan-2017 03:49:58 UTC] PHP Fatal error:  Class 'SassNode' not found in /var/www/vhosts/kidsrestorethekepler.co.nz/drupal-8.x/web/sites/kidsrestorethekepler/themes/custom/krtk0/src/phpsass/tree/SassForNode.php on line 28
[06-Jan-2017 03:49:59 UTC] PHP Fatal error:  Class 'SassNode' not found in /var/www/vhosts/kidsrestorethekepler.co.nz/drupal-8.x/web/sites/kidsrestorethekepler/themes/custom/krtk0/src/phpsass/tree/SassIfNode.php on line 19
[06-Jan-2017 03:49:59 UTC] PHP Fatal error:  Class 'SassNode' not found in /var/www/vhosts/kidsrestorethekepler.co.nz/drupal-8.x/web/sites/kidsrestorethekepler/themes/custom/krtk0/src/phpsass/tree/SassWhileNode.php on line 18
[06-Jan-2017 03:49:59 UTC] PHP Fatal error:  Class 'SassNode' not found in /var/www/vhosts/kidsrestorethekepler.co.nz/drupal-8.x/web/sites/kidsrestorethekepler/themes/custom/krtk0/src/phpsass/tree/SassVariableNode.php on line 18
[06-Jan-2017 03:49:59 UTC] PHP Fatal error:  Class 'SassNode' not found in /var/www/vhosts/kidsrestorethekepler.co.nz/drupal-8.x/web/sites/kidsrestorethekepler/themes/custom/krtk0/src/phpsass/tree/SassRootNode.php on line 21
[06-Jan-2017 03:49:59 UTC] PHP Fatal error:  Class 'SassNode' not found in /var/www/vhosts/kidsrestorethekepler.co.nz/drupal-8.x/web/sites/kidsrestorethekepler/themes/custom/krtk0/src/phpsass/tree/SassCommentNode.php on line 18
[18-Jan-2017 23:26:05 UTC] PHP Fatal error:  Class 'SassNode' not found in /var/www/vhosts/kidsrestorethekepler.co.nz/drupal-8.x/web/sites/kidsrestorethekepler/themes/custom/krtk0/src/phpsass/tree/SassMixinDefinitionNode.php on line 18
[18-Jan-2017 23:26:05 UTC] PHP Fatal error:  Class 'SassNode' not found in /var/www/vhosts/kidsrestorethekepler.co.nz/drupal-8.x/web/sites/kidsrestorethekepler/themes/custom/krtk0/src/phpsass/tree/SassContentNode.php on line 18
[18-Jan-2017 23:26:05 UTC] PHP Fatal error:  Class 'SassNode' not found in /var/www/vhosts/kidsrestorethekepler.co.nz/drupal-8.x/web/sites/kidsrestorethekepler/themes/custom/krtk0/src/phpsass/tree/SassDebugNode.php on line 18
[18-Jan-2017 23:26:05 UTC] PHP Fatal error:  Class 'SassNode' not found in /var/www/vhosts/kidsrestorethekepler.co.nz/drupal-8.x/web/sites/kidsrestorethekepler/themes/custom/krtk0/src/phpsass/tree/SassDirectiveNode.php on line 18
[18-Jan-2017 23:26:05 UTC] PHP Fatal error:  Class 'SassNode' not found in /var/www/vhosts/kidsrestorethekepler.co.nz/drupal-8.x/web/sites/kidsrestorethekepler/themes/custom/krtk0/src/phpsass/tree/SassMixinNode.php on line 18
[18-Jan-2017 23:26:06 UTC] PHP Fatal error:  Class 'SassNode' not found in /var/www/vhosts/kidsrestorethekepler.co.nz/drupal-8.x/web/sites/kidsrestorethekepler/themes/custom/krtk0/src/phpsass/tree/SassEachNode.php on line 25
[18-Jan-2017 23:26:06 UTC] PHP Fatal error:  Class 'SassNode' not found in /var/www/vhosts/kidsrestorethekepler.co.nz/drupal-8.x/web/sites/kidsrestorethekepler/themes/custom/krtk0/src/phpsass/tree/SassMediaNode.php on line 18
[18-Jan-2017 23:26:06 UTC] PHP Fatal error:  Class 'SassNode' not found in /var/www/vhosts/kidsrestorethekepler.co.nz/drupal-8.x/web/sites/kidsrestorethekepler/themes/custom/krtk0/src/phpsass/tree/SassFunctionDefinitionNode.php on line 18
[18-Jan-2017 23:26:06 UTC] PHP Fatal error:  Class 'SassNode' not found in /var/www/vhosts/kidsrestorethekepler.co.nz/drupal-8.x/web/sites/kidsrestorethekepler/themes/custom/krtk0/src/phpsass/tree/SassRuleNode.php on line 18
[18-Jan-2017 23:26:06 UTC] PHP Fatal error:  Class 'SassNode' not found in /var/www/vhosts/kidsrestorethekepler.co.nz/drupal-8.x/web/sites/kidsrestorethekepler/themes/custom/krtk0/src/phpsass/tree/SassExtendNode.php on line 18
[18-Jan-2017 23:26:06 UTC] PHP Fatal error:  Class 'SassNode' not found in /var/www/vhosts/kidsrestorethekepler.co.nz/drupal-8.x/web/sites/kidsrestorethekepler/themes/custom/krtk0/src/phpsass/tree/SassReturnNode.php on line 18
[18-Jan-2017 23:26:07 UTC] PHP Fatal error:  Class 'SassIfNode' not found in /var/www/vhosts/kidsrestorethekepler.co.nz/drupal-8.x/web/sites/kidsrestorethekepler/themes/custom/krtk0/src/phpsass/tree/SassElseNode.php on line 19
[18-Jan-2017 23:26:07 UTC] PHP Fatal error:  Class 'SassNode' not found in /var/www/vhosts/kidsrestorethekepler.co.nz/drupal-8.x/web/sites/kidsrestorethekepler/themes/custom/krtk0/src/phpsass/tree/SassWarnNode.php on line 18
[18-Jan-2017 23:26:07 UTC] PHP Fatal error:  Class 'SassNode' not found in /var/www/vhosts/kidsrestorethekepler.co.nz/drupal-8.x/web/sites/kidsrestorethekepler/themes/custom/krtk0/src/phpsass/tree/SassImportNode.php on line 18
[18-Jan-2017 23:26:08 UTC] PHP Fatal error:  Class 'SassNode' not found in /var/www/vhosts/kidsrestorethekepler.co.nz/drupal-8.x/web/sites/kidsrestorethekepler/themes/custom/krtk0/src/phpsass/tree/SassPropertyNode.php on line 18
[18-Jan-2017 23:26:08 UTC] PHP Fatal error:  Class 'SassNode' not found in /var/www/vhosts/kidsrestorethekepler.co.nz/drupal-8.x/web/sites/kidsrestorethekepler/themes/custom/krtk0/src/phpsass/tree/SassForNode.php on line 28
[18-Jan-2017 23:26:08 UTC] PHP Fatal error:  Class 'SassNode' not found in /var/www/vhosts/kidsrestorethekepler.co.nz/drupal-8.x/web/sites/kidsrestorethekepler/themes/custom/krtk0/src/phpsass/tree/SassIfNode.php on line 19
[18-Jan-2017 23:26:08 UTC] PHP Fatal error:  Class 'SassNode' not found in /var/www/vhosts/kidsrestorethekepler.co.nz/drupal-8.x/web/sites/kidsrestorethekepler/themes/custom/krtk0/src/phpsass/tree/SassWhileNode.php on line 18
[18-Jan-2017 23:26:08 UTC] PHP Fatal error:  Class 'SassNode' not found in /var/www/vhosts/kidsrestorethekepler.co.nz/drupal-8.x/web/sites/kidsrestorethekepler/themes/custom/krtk0/src/phpsass/tree/SassVariableNode.php on line 18
[18-Jan-2017 23:26:09 UTC] PHP Fatal error:  Class 'SassNode' not found in /var/www/vhosts/kidsrestorethekepler.co.nz/drupal-8.x/web/sites/kidsrestorethekepler/themes/custom/krtk0/src/phpsass/tree/SassRootNode.php on line 21
[18-Jan-2017 23:26:09 UTC] PHP Fatal error:  Class 'SassNode' not found in /var/www/vhosts/kidsrestorethekepler.co.nz/drupal-8.x/web/sites/kidsrestorethekepler/themes/custom/krtk0/src/phpsass/tree/SassCommentNode.php on line 18
[18-Jan-2017 23:28:37 UTC] PHP Fatal error:  Class 'SassNode' not found in /var/www/vhosts/kidsrestorethekepler.co.nz/drupal-8.x/web/sites/kidsrestorethekepler/themes/custom/krtk0/src/phpsass/tree/SassMixinDefinitionNode.php on line 18
[18-Jan-2017 23:28:38 UTC] PHP Fatal error:  Class 'SassNode' not found in /var/www/vhosts/kidsrestorethekepler.co.nz/drupal-8.x/web/sites/kidsrestorethekepler/themes/custom/krtk0/src/phpsass/tree/SassContentNode.php on line 18
[18-Jan-2017 23:28:38 UTC] PHP Fatal error:  Class 'SassNode' not found in /var/www/vhosts/kidsrestorethekepler.co.nz/drupal-8.x/web/sites/kidsrestorethekepler/themes/custom/krtk0/src/phpsass/tree/SassDebugNode.php on line 18
[18-Jan-2017 23:28:38 UTC] PHP Fatal error:  Class 'SassNode' not found in /var/www/vhosts/kidsrestorethekepler.co.nz/drupal-8.x/web/sites/kidsrestorethekepler/themes/custom/krtk0/src/phpsass/tree/SassDirectiveNode.php on line 18
[18-Jan-2017 23:28:38 UTC] PHP Fatal error:  Class 'SassNode' not found in /var/www/vhosts/kidsrestorethekepler.co.nz/drupal-8.x/web/sites/kidsrestorethekepler/themes/custom/krtk0/src/phpsass/tree/SassMixinNode.php on line 18
[18-Jan-2017 23:28:38 UTC] PHP Fatal error:  Class 'SassNode' not found in /var/www/vhosts/kidsrestorethekepler.co.nz/drupal-8.x/web/sites/kidsrestorethekepler/themes/custom/krtk0/src/phpsass/tree/SassEachNode.php on line 25
[18-Jan-2017 23:28:38 UTC] PHP Fatal error:  Class 'SassNode' not found in /var/www/vhosts/kidsrestorethekepler.co.nz/drupal-8.x/web/sites/kidsrestorethekepler/themes/custom/krtk0/src/phpsass/tree/SassMediaNode.php on line 18
[18-Jan-2017 23:28:39 UTC] PHP Fatal error:  Class 'SassNode' not found in /var/www/vhosts/kidsrestorethekepler.co.nz/drupal-8.x/web/sites/kidsrestorethekepler/themes/custom/krtk0/src/phpsass/tree/SassFunctionDefinitionNode.php on line 18
[18-Jan-2017 23:28:39 UTC] PHP Fatal error:  Class 'SassNode' not found in /var/www/vhosts/kidsrestorethekepler.co.nz/drupal-8.x/web/sites/kidsrestorethekepler/themes/custom/krtk0/src/phpsass/tree/SassRuleNode.php on line 18
[18-Jan-2017 23:28:39 UTC] PHP Fatal error:  Class 'SassNode' not found in /var/www/vhosts/kidsrestorethekepler.co.nz/drupal-8.x/web/sites/kidsrestorethekepler/themes/custom/krtk0/src/phpsass/tree/SassExtendNode.php on line 18
[18-Jan-2017 23:28:39 UTC] PHP Fatal error:  Class 'SassNode' not found in /var/www/vhosts/kidsrestorethekepler.co.nz/drupal-8.x/web/sites/kidsrestorethekepler/themes/custom/krtk0/src/phpsass/tree/SassReturnNode.php on line 18
[18-Jan-2017 23:28:39 UTC] PHP Fatal error:  Class 'SassIfNode' not found in /var/www/vhosts/kidsrestorethekepler.co.nz/drupal-8.x/web/sites/kidsrestorethekepler/themes/custom/krtk0/src/phpsass/tree/SassElseNode.php on line 19
[18-Jan-2017 23:28:40 UTC] PHP Fatal error:  Class 'SassNode' not found in /var/www/vhosts/kidsrestorethekepler.co.nz/drupal-8.x/web/sites/kidsrestorethekepler/themes/custom/krtk0/src/phpsass/tree/SassWarnNode.php on line 18
[18-Jan-2017 23:28:40 UTC] PHP Fatal error:  Class 'SassNode' not found in /var/www/vhosts/kidsrestorethekepler.co.nz/drupal-8.x/web/sites/kidsrestorethekepler/themes/custom/krtk0/src/phpsass/tree/SassImportNode.php on line 18
[18-Jan-2017 23:28:40 UTC] PHP Fatal error:  Class 'SassNode' not found in /var/www/vhosts/kidsrestorethekepler.co.nz/drupal-8.x/web/sites/kidsrestorethekepler/themes/custom/krtk0/src/phpsass/tree/SassPropertyNode.php on line 18
[18-Jan-2017 23:28:40 UTC] PHP Fatal error:  Class 'SassNode' not found in /var/www/vhosts/kidsrestorethekepler.co.nz/drupal-8.x/web/sites/kidsrestorethekepler/themes/custom/krtk0/src/phpsass/tree/SassForNode.php on line 28
[18-Jan-2017 23:28:41 UTC] PHP Fatal error:  Class 'SassNode' not found in /var/www/vhosts/kidsrestorethekepler.co.nz/drupal-8.x/web/sites/kidsrestorethekepler/themes/custom/krtk0/src/phpsass/tree/SassIfNode.php on line 19
[18-Jan-2017 23:28:41 UTC] PHP Fatal error:  Class 'SassNode' not found in /var/www/vhosts/kidsrestorethekepler.co.nz/drupal-8.x/web/sites/kidsrestorethekepler/themes/custom/krtk0/src/phpsass/tree/SassWhileNode.php on line 18
[18-Jan-2017 23:28:41 UTC] PHP Fatal error:  Class 'SassNode' not found in /var/www/vhosts/kidsrestorethekepler.co.nz/drupal-8.x/web/sites/kidsrestorethekepler/themes/custom/krtk0/src/phpsass/tree/SassVariableNode.php on line 18
[18-Jan-2017 23:28:41 UTC] PHP Fatal error:  Class 'SassNode' not found in /var/www/vhosts/kidsrestorethekepler.co.nz/drupal-8.x/web/sites/kidsrestorethekepler/themes/custom/krtk0/src/phpsass/tree/SassRootNode.php on line 21
[18-Jan-2017 23:28:41 UTC] PHP Fatal error:  Class 'SassNode' not found in /var/www/vhosts/kidsrestorethekepler.co.nz/drupal-8.x/web/sites/kidsrestorethekepler/themes/custom/krtk0/src/phpsass/tree/SassCommentNode.php on line 18
