[12-Oct-2016 22:08:10 UTC] PHP Fatal error:  Class 'SassNode' not found in /var/www/vhosts/drupal-8.x/web/sites/kidsrestorethekepler/themes/custom/dsp1/src/phpsass/tree/SassImportNode.php on line 18
[12-Oct-2016 22:08:10 UTC] PHP Fatal error:  Class 'SassIfNode' not found in /var/www/vhosts/drupal-8.x/web/sites/kidsrestorethekepler/themes/custom/dsp1/src/phpsass/tree/SassElseNode.php on line 19
[12-Oct-2016 22:08:10 UTC] PHP Fatal error:  Class 'SassNode' not found in /var/www/vhosts/drupal-8.x/web/sites/kidsrestorethekepler/themes/custom/dsp1/src/phpsass/tree/SassRuleNode.php on line 18
[12-Oct-2016 22:08:11 UTC] PHP Fatal error:  Class 'SassNode' not found in /var/www/vhosts/drupal-8.x/web/sites/kidsrestorethekepler/themes/custom/dsp1/src/phpsass/tree/SassWarnNode.php on line 18
[12-Oct-2016 22:08:11 UTC] PHP Fatal error:  Class 'SassNode' not found in /var/www/vhosts/drupal-8.x/web/sites/kidsrestorethekepler/themes/custom/dsp1/src/phpsass/tree/SassCommentNode.php on line 18
[12-Oct-2016 22:08:11 UTC] PHP Fatal error:  Class 'SassNode' not found in /var/www/vhosts/drupal-8.x/web/sites/kidsrestorethekepler/themes/custom/dsp1/src/phpsass/tree/SassFunctionDefinitionNode.php on line 18
[12-Oct-2016 22:08:11 UTC] PHP Fatal error:  Class 'SassNode' not found in /var/www/vhosts/drupal-8.x/web/sites/kidsrestorethekepler/themes/custom/dsp1/src/phpsass/tree/SassWhileNode.php on line 18
[12-Oct-2016 22:08:11 UTC] PHP Fatal error:  Class 'SassNode' not found in /var/www/vhosts/drupal-8.x/web/sites/kidsrestorethekepler/themes/custom/dsp1/src/phpsass/tree/SassMixinNode.php on line 18
[12-Oct-2016 22:08:11 UTC] PHP Fatal error:  Class 'SassNode' not found in /var/www/vhosts/drupal-8.x/web/sites/kidsrestorethekepler/themes/custom/dsp1/src/phpsass/tree/SassMediaNode.php on line 18
[12-Oct-2016 22:08:11 UTC] PHP Fatal error:  Class 'SassNode' not found in /var/www/vhosts/drupal-8.x/web/sites/kidsrestorethekepler/themes/custom/dsp1/src/phpsass/tree/SassMixinDefinitionNode.php on line 18
[12-Oct-2016 22:08:11 UTC] PHP Fatal error:  Class 'SassNode' not found in /var/www/vhosts/drupal-8.x/web/sites/kidsrestorethekepler/themes/custom/dsp1/src/phpsass/tree/SassDirectiveNode.php on line 18
[12-Oct-2016 22:08:11 UTC] PHP Fatal error:  Class 'SassNode' not found in /var/www/vhosts/drupal-8.x/web/sites/kidsrestorethekepler/themes/custom/dsp1/src/phpsass/tree/SassIfNode.php on line 19
[12-Oct-2016 22:08:11 UTC] PHP Fatal error:  Class 'SassNode' not found in /var/www/vhosts/drupal-8.x/web/sites/kidsrestorethekepler/themes/custom/dsp1/src/phpsass/tree/SassVariableNode.php on line 18
[12-Oct-2016 22:08:12 UTC] PHP Fatal error:  Class 'SassNode' not found in /var/www/vhosts/drupal-8.x/web/sites/kidsrestorethekepler/themes/custom/dsp1/src/phpsass/tree/SassRootNode.php on line 21
[12-Oct-2016 22:08:12 UTC] PHP Fatal error:  Class 'SassNode' not found in /var/www/vhosts/drupal-8.x/web/sites/kidsrestorethekepler/themes/custom/dsp1/src/phpsass/tree/SassContentNode.php on line 18
[12-Oct-2016 22:08:12 UTC] PHP Fatal error:  Class 'SassNode' not found in /var/www/vhosts/drupal-8.x/web/sites/kidsrestorethekepler/themes/custom/dsp1/src/phpsass/tree/SassForNode.php on line 28
[12-Oct-2016 22:08:12 UTC] PHP Fatal error:  Class 'SassNode' not found in /var/www/vhosts/drupal-8.x/web/sites/kidsrestorethekepler/themes/custom/dsp1/src/phpsass/tree/SassEachNode.php on line 25
[12-Oct-2016 22:08:12 UTC] PHP Fatal error:  Class 'SassNode' not found in /var/www/vhosts/drupal-8.x/web/sites/kidsrestorethekepler/themes/custom/dsp1/src/phpsass/tree/SassDebugNode.php on line 18
[12-Oct-2016 22:08:12 UTC] PHP Fatal error:  Class 'SassNode' not found in /var/www/vhosts/drupal-8.x/web/sites/kidsrestorethekepler/themes/custom/dsp1/src/phpsass/tree/SassPropertyNode.php on line 18
[12-Oct-2016 22:08:12 UTC] PHP Fatal error:  Class 'SassNode' not found in /var/www/vhosts/drupal-8.x/web/sites/kidsrestorethekepler/themes/custom/dsp1/src/phpsass/tree/SassExtendNode.php on line 18
[12-Oct-2016 22:08:12 UTC] PHP Fatal error:  Class 'SassNode' not found in /var/www/vhosts/drupal-8.x/web/sites/kidsrestorethekepler/themes/custom/dsp1/src/phpsass/tree/SassReturnNode.php on line 18
[12-Oct-2016 22:08:40 UTC] PHP Fatal error:  Class 'SassNode' not found in /var/www/vhosts/drupal-8.x/web/sites/kidsrestorethekepler/themes/custom/dsp1/src/phpsass/tree/SassImportNode.php on line 18
[12-Oct-2016 22:08:40 UTC] PHP Fatal error:  Class 'SassIfNode' not found in /var/www/vhosts/drupal-8.x/web/sites/kidsrestorethekepler/themes/custom/dsp1/src/phpsass/tree/SassElseNode.php on line 19
[12-Oct-2016 22:08:40 UTC] PHP Fatal error:  Class 'SassNode' not found in /var/www/vhosts/drupal-8.x/web/sites/kidsrestorethekepler/themes/custom/dsp1/src/phpsass/tree/SassRuleNode.php on line 18
[12-Oct-2016 22:08:40 UTC] PHP Fatal error:  Class 'SassNode' not found in /var/www/vhosts/drupal-8.x/web/sites/kidsrestorethekepler/themes/custom/dsp1/src/phpsass/tree/SassWarnNode.php on line 18
[12-Oct-2016 22:08:40 UTC] PHP Fatal error:  Class 'SassNode' not found in /var/www/vhosts/drupal-8.x/web/sites/kidsrestorethekepler/themes/custom/dsp1/src/phpsass/tree/SassCommentNode.php on line 18
[12-Oct-2016 22:08:40 UTC] PHP Fatal error:  Class 'SassNode' not found in /var/www/vhosts/drupal-8.x/web/sites/kidsrestorethekepler/themes/custom/dsp1/src/phpsass/tree/SassFunctionDefinitionNode.php on line 18
[12-Oct-2016 22:08:40 UTC] PHP Fatal error:  Class 'SassNode' not found in /var/www/vhosts/drupal-8.x/web/sites/kidsrestorethekepler/themes/custom/dsp1/src/phpsass/tree/SassWhileNode.php on line 18
[12-Oct-2016 22:08:40 UTC] PHP Fatal error:  Class 'SassNode' not found in /var/www/vhosts/drupal-8.x/web/sites/kidsrestorethekepler/themes/custom/dsp1/src/phpsass/tree/SassMixinNode.php on line 18
[12-Oct-2016 22:08:40 UTC] PHP Fatal error:  Class 'SassNode' not found in /var/www/vhosts/drupal-8.x/web/sites/kidsrestorethekepler/themes/custom/dsp1/src/phpsass/tree/SassMediaNode.php on line 18
[12-Oct-2016 22:08:40 UTC] PHP Fatal error:  Class 'SassNode' not found in /var/www/vhosts/drupal-8.x/web/sites/kidsrestorethekepler/themes/custom/dsp1/src/phpsass/tree/SassMixinDefinitionNode.php on line 18
[12-Oct-2016 22:08:41 UTC] PHP Fatal error:  Class 'SassNode' not found in /var/www/vhosts/drupal-8.x/web/sites/kidsrestorethekepler/themes/custom/dsp1/src/phpsass/tree/SassDirectiveNode.php on line 18
[12-Oct-2016 22:08:41 UTC] PHP Fatal error:  Class 'SassNode' not found in /var/www/vhosts/drupal-8.x/web/sites/kidsrestorethekepler/themes/custom/dsp1/src/phpsass/tree/SassIfNode.php on line 19
[12-Oct-2016 22:08:41 UTC] PHP Fatal error:  Class 'SassNode' not found in /var/www/vhosts/drupal-8.x/web/sites/kidsrestorethekepler/themes/custom/dsp1/src/phpsass/tree/SassVariableNode.php on line 18
[12-Oct-2016 22:08:41 UTC] PHP Fatal error:  Class 'SassNode' not found in /var/www/vhosts/drupal-8.x/web/sites/kidsrestorethekepler/themes/custom/dsp1/src/phpsass/tree/SassRootNode.php on line 21
[12-Oct-2016 22:08:41 UTC] PHP Fatal error:  Class 'SassNode' not found in /var/www/vhosts/drupal-8.x/web/sites/kidsrestorethekepler/themes/custom/dsp1/src/phpsass/tree/SassContentNode.php on line 18
[12-Oct-2016 22:08:41 UTC] PHP Fatal error:  Class 'SassNode' not found in /var/www/vhosts/drupal-8.x/web/sites/kidsrestorethekepler/themes/custom/dsp1/src/phpsass/tree/SassForNode.php on line 28
[12-Oct-2016 22:08:41 UTC] PHP Fatal error:  Class 'SassNode' not found in /var/www/vhosts/drupal-8.x/web/sites/kidsrestorethekepler/themes/custom/dsp1/src/phpsass/tree/SassEachNode.php on line 25
[12-Oct-2016 22:08:41 UTC] PHP Fatal error:  Class 'SassNode' not found in /var/www/vhosts/drupal-8.x/web/sites/kidsrestorethekepler/themes/custom/dsp1/src/phpsass/tree/SassDebugNode.php on line 18
[12-Oct-2016 22:08:41 UTC] PHP Fatal error:  Class 'SassNode' not found in /var/www/vhosts/drupal-8.x/web/sites/kidsrestorethekepler/themes/custom/dsp1/src/phpsass/tree/SassPropertyNode.php on line 18
[12-Oct-2016 22:08:42 UTC] PHP Fatal error:  Class 'SassNode' not found in /var/www/vhosts/drupal-8.x/web/sites/kidsrestorethekepler/themes/custom/dsp1/src/phpsass/tree/SassExtendNode.php on line 18
[12-Oct-2016 22:08:42 UTC] PHP Fatal error:  Class 'SassNode' not found in /var/www/vhosts/drupal-8.x/web/sites/kidsrestorethekepler/themes/custom/dsp1/src/phpsass/tree/SassReturnNode.php on line 18
[13-Oct-2016 00:34:00 UTC] PHP Fatal error:  Class 'SassNode' not found in /var/www/vhosts/drupal-8.x/web/sites/kidsrestorethekepler/themes/custom/dsp1/src/phpsass/tree/SassImportNode.php on line 18
[13-Oct-2016 00:34:01 UTC] PHP Fatal error:  Class 'SassIfNode' not found in /var/www/vhosts/drupal-8.x/web/sites/kidsrestorethekepler/themes/custom/dsp1/src/phpsass/tree/SassElseNode.php on line 19
[13-Oct-2016 00:34:01 UTC] PHP Fatal error:  Class 'SassNode' not found in /var/www/vhosts/drupal-8.x/web/sites/kidsrestorethekepler/themes/custom/dsp1/src/phpsass/tree/SassRuleNode.php on line 18
[13-Oct-2016 00:34:01 UTC] PHP Fatal error:  Class 'SassNode' not found in /var/www/vhosts/drupal-8.x/web/sites/kidsrestorethekepler/themes/custom/dsp1/src/phpsass/tree/SassWarnNode.php on line 18
[13-Oct-2016 00:34:01 UTC] PHP Fatal error:  Class 'SassNode' not found in /var/www/vhosts/drupal-8.x/web/sites/kidsrestorethekepler/themes/custom/dsp1/src/phpsass/tree/SassCommentNode.php on line 18
[13-Oct-2016 00:34:01 UTC] PHP Fatal error:  Class 'SassNode' not found in /var/www/vhosts/drupal-8.x/web/sites/kidsrestorethekepler/themes/custom/dsp1/src/phpsass/tree/SassFunctionDefinitionNode.php on line 18
[13-Oct-2016 00:34:01 UTC] PHP Fatal error:  Class 'SassNode' not found in /var/www/vhosts/drupal-8.x/web/sites/kidsrestorethekepler/themes/custom/dsp1/src/phpsass/tree/SassWhileNode.php on line 18
[13-Oct-2016 00:34:01 UTC] PHP Fatal error:  Class 'SassNode' not found in /var/www/vhosts/drupal-8.x/web/sites/kidsrestorethekepler/themes/custom/dsp1/src/phpsass/tree/SassMixinNode.php on line 18
[13-Oct-2016 00:34:01 UTC] PHP Fatal error:  Class 'SassNode' not found in /var/www/vhosts/drupal-8.x/web/sites/kidsrestorethekepler/themes/custom/dsp1/src/phpsass/tree/SassMediaNode.php on line 18
[13-Oct-2016 00:34:01 UTC] PHP Fatal error:  Class 'SassNode' not found in /var/www/vhosts/drupal-8.x/web/sites/kidsrestorethekepler/themes/custom/dsp1/src/phpsass/tree/SassMixinDefinitionNode.php on line 18
[13-Oct-2016 00:34:02 UTC] PHP Fatal error:  Class 'SassNode' not found in /var/www/vhosts/drupal-8.x/web/sites/kidsrestorethekepler/themes/custom/dsp1/src/phpsass/tree/SassDirectiveNode.php on line 18
[13-Oct-2016 00:34:02 UTC] PHP Fatal error:  Class 'SassNode' not found in /var/www/vhosts/drupal-8.x/web/sites/kidsrestorethekepler/themes/custom/dsp1/src/phpsass/tree/SassIfNode.php on line 19
[13-Oct-2016 00:34:02 UTC] PHP Fatal error:  Class 'SassNode' not found in /var/www/vhosts/drupal-8.x/web/sites/kidsrestorethekepler/themes/custom/dsp1/src/phpsass/tree/SassVariableNode.php on line 18
[13-Oct-2016 00:34:02 UTC] PHP Fatal error:  Class 'SassNode' not found in /var/www/vhosts/drupal-8.x/web/sites/kidsrestorethekepler/themes/custom/dsp1/src/phpsass/tree/SassRootNode.php on line 21
[13-Oct-2016 00:34:02 UTC] PHP Fatal error:  Class 'SassNode' not found in /var/www/vhosts/drupal-8.x/web/sites/kidsrestorethekepler/themes/custom/dsp1/src/phpsass/tree/SassContentNode.php on line 18
[13-Oct-2016 00:34:02 UTC] PHP Fatal error:  Class 'SassNode' not found in /var/www/vhosts/drupal-8.x/web/sites/kidsrestorethekepler/themes/custom/dsp1/src/phpsass/tree/SassForNode.php on line 28
[13-Oct-2016 00:34:02 UTC] PHP Fatal error:  Class 'SassNode' not found in /var/www/vhosts/drupal-8.x/web/sites/kidsrestorethekepler/themes/custom/dsp1/src/phpsass/tree/SassEachNode.php on line 25
[13-Oct-2016 00:34:02 UTC] PHP Fatal error:  Class 'SassNode' not found in /var/www/vhosts/drupal-8.x/web/sites/kidsrestorethekepler/themes/custom/dsp1/src/phpsass/tree/SassDebugNode.php on line 18
[13-Oct-2016 00:34:02 UTC] PHP Fatal error:  Class 'SassNode' not found in /var/www/vhosts/drupal-8.x/web/sites/kidsrestorethekepler/themes/custom/dsp1/src/phpsass/tree/SassPropertyNode.php on line 18
[13-Oct-2016 00:34:03 UTC] PHP Fatal error:  Class 'SassNode' not found in /var/www/vhosts/drupal-8.x/web/sites/kidsrestorethekepler/themes/custom/dsp1/src/phpsass/tree/SassExtendNode.php on line 18
[13-Oct-2016 00:34:03 UTC] PHP Fatal error:  Class 'SassNode' not found in /var/www/vhosts/drupal-8.x/web/sites/kidsrestorethekepler/themes/custom/dsp1/src/phpsass/tree/SassReturnNode.php on line 18
[13-Oct-2016 00:34:45 UTC] PHP Fatal error:  Class 'SassNode' not found in /var/www/vhosts/drupal-8.x/web/sites/kidsrestorethekepler/themes/custom/dsp1/src/phpsass/tree/SassImportNode.php on line 18
[13-Oct-2016 00:34:45 UTC] PHP Fatal error:  Class 'SassIfNode' not found in /var/www/vhosts/drupal-8.x/web/sites/kidsrestorethekepler/themes/custom/dsp1/src/phpsass/tree/SassElseNode.php on line 19
[13-Oct-2016 00:34:45 UTC] PHP Fatal error:  Class 'SassNode' not found in /var/www/vhosts/drupal-8.x/web/sites/kidsrestorethekepler/themes/custom/dsp1/src/phpsass/tree/SassRuleNode.php on line 18
[13-Oct-2016 00:34:45 UTC] PHP Fatal error:  Class 'SassNode' not found in /var/www/vhosts/drupal-8.x/web/sites/kidsrestorethekepler/themes/custom/dsp1/src/phpsass/tree/SassWarnNode.php on line 18
[13-Oct-2016 00:34:45 UTC] PHP Fatal error:  Class 'SassNode' not found in /var/www/vhosts/drupal-8.x/web/sites/kidsrestorethekepler/themes/custom/dsp1/src/phpsass/tree/SassCommentNode.php on line 18
[13-Oct-2016 00:34:45 UTC] PHP Fatal error:  Class 'SassNode' not found in /var/www/vhosts/drupal-8.x/web/sites/kidsrestorethekepler/themes/custom/dsp1/src/phpsass/tree/SassFunctionDefinitionNode.php on line 18
[13-Oct-2016 00:34:45 UTC] PHP Fatal error:  Class 'SassNode' not found in /var/www/vhosts/drupal-8.x/web/sites/kidsrestorethekepler/themes/custom/dsp1/src/phpsass/tree/SassWhileNode.php on line 18
[13-Oct-2016 00:34:45 UTC] PHP Fatal error:  Class 'SassNode' not found in /var/www/vhosts/drupal-8.x/web/sites/kidsrestorethekepler/themes/custom/dsp1/src/phpsass/tree/SassMixinNode.php on line 18
[13-Oct-2016 00:34:46 UTC] PHP Fatal error:  Class 'SassNode' not found in /var/www/vhosts/drupal-8.x/web/sites/kidsrestorethekepler/themes/custom/dsp1/src/phpsass/tree/SassMediaNode.php on line 18
[13-Oct-2016 00:34:46 UTC] PHP Fatal error:  Class 'SassNode' not found in /var/www/vhosts/drupal-8.x/web/sites/kidsrestorethekepler/themes/custom/dsp1/src/phpsass/tree/SassMixinDefinitionNode.php on line 18
[13-Oct-2016 00:34:46 UTC] PHP Fatal error:  Class 'SassNode' not found in /var/www/vhosts/drupal-8.x/web/sites/kidsrestorethekepler/themes/custom/dsp1/src/phpsass/tree/SassDirectiveNode.php on line 18
[13-Oct-2016 00:34:46 UTC] PHP Fatal error:  Class 'SassNode' not found in /var/www/vhosts/drupal-8.x/web/sites/kidsrestorethekepler/themes/custom/dsp1/src/phpsass/tree/SassIfNode.php on line 19
[13-Oct-2016 00:34:46 UTC] PHP Fatal error:  Class 'SassNode' not found in /var/www/vhosts/drupal-8.x/web/sites/kidsrestorethekepler/themes/custom/dsp1/src/phpsass/tree/SassVariableNode.php on line 18
[13-Oct-2016 00:34:46 UTC] PHP Fatal error:  Class 'SassNode' not found in /var/www/vhosts/drupal-8.x/web/sites/kidsrestorethekepler/themes/custom/dsp1/src/phpsass/tree/SassRootNode.php on line 21
[13-Oct-2016 00:34:46 UTC] PHP Fatal error:  Class 'SassNode' not found in /var/www/vhosts/drupal-8.x/web/sites/kidsrestorethekepler/themes/custom/dsp1/src/phpsass/tree/SassContentNode.php on line 18
[13-Oct-2016 00:34:46 UTC] PHP Fatal error:  Class 'SassNode' not found in /var/www/vhosts/drupal-8.x/web/sites/kidsrestorethekepler/themes/custom/dsp1/src/phpsass/tree/SassForNode.php on line 28
[13-Oct-2016 00:34:46 UTC] PHP Fatal error:  Class 'SassNode' not found in /var/www/vhosts/drupal-8.x/web/sites/kidsrestorethekepler/themes/custom/dsp1/src/phpsass/tree/SassEachNode.php on line 25
[13-Oct-2016 00:34:46 UTC] PHP Fatal error:  Class 'SassNode' not found in /var/www/vhosts/drupal-8.x/web/sites/kidsrestorethekepler/themes/custom/dsp1/src/phpsass/tree/SassDebugNode.php on line 18
[13-Oct-2016 00:34:47 UTC] PHP Fatal error:  Class 'SassNode' not found in /var/www/vhosts/drupal-8.x/web/sites/kidsrestorethekepler/themes/custom/dsp1/src/phpsass/tree/SassPropertyNode.php on line 18
[13-Oct-2016 00:34:47 UTC] PHP Fatal error:  Class 'SassNode' not found in /var/www/vhosts/drupal-8.x/web/sites/kidsrestorethekepler/themes/custom/dsp1/src/phpsass/tree/SassExtendNode.php on line 18
[13-Oct-2016 00:34:47 UTC] PHP Fatal error:  Class 'SassNode' not found in /var/www/vhosts/drupal-8.x/web/sites/kidsrestorethekepler/themes/custom/dsp1/src/phpsass/tree/SassReturnNode.php on line 18
