[12-Oct-2016 22:05:34 UTC] PHP Fatal error:  Uncaught Error: Call to undefined function t() in /var/www/vhosts/drupal-8.x/web/sites/kidsrestorethekepler/themes/custom/krtk0/theme-settings/style-settings.php:6
Stack trace:
#0 {main}
  thrown in /var/www/vhosts/drupal-8.x/web/sites/kidsrestorethekepler/themes/custom/krtk0/theme-settings/style-settings.php on line 6
[12-Oct-2016 22:08:22 UTC] PHP Fatal error:  Uncaught Error: Call to undefined function t() in /var/www/vhosts/drupal-8.x/web/sites/kidsrestorethekepler/themes/custom/krtk0/theme-settings/layout-settings.php:7
Stack trace:
#0 {main}
  thrown in /var/www/vhosts/drupal-8.x/web/sites/kidsrestorethekepler/themes/custom/krtk0/theme-settings/layout-settings.php on line 7
[12-Oct-2016 22:08:22 UTC] PHP Fatal error:  Uncaught Error: Call to undefined function t() in /var/www/vhosts/drupal-8.x/web/sites/kidsrestorethekepler/themes/custom/krtk0/theme-settings/export-settings.php:16
Stack trace:
#0 {main}
  thrown in /var/www/vhosts/drupal-8.x/web/sites/kidsrestorethekepler/themes/custom/krtk0/theme-settings/export-settings.php on line 16
[12-Oct-2016 22:08:51 UTC] PHP Fatal error:  Uncaught Error: Call to undefined function t() in /var/www/vhosts/drupal-8.x/web/sites/kidsrestorethekepler/themes/custom/krtk0/theme-settings/layout-settings.php:7
Stack trace:
#0 {main}
  thrown in /var/www/vhosts/drupal-8.x/web/sites/kidsrestorethekepler/themes/custom/krtk0/theme-settings/layout-settings.php on line 7
[12-Oct-2016 22:08:52 UTC] PHP Fatal error:  Uncaught Error: Call to undefined function t() in /var/www/vhosts/drupal-8.x/web/sites/kidsrestorethekepler/themes/custom/krtk0/theme-settings/export-settings.php:16
Stack trace:
#0 {main}
  thrown in /var/www/vhosts/drupal-8.x/web/sites/kidsrestorethekepler/themes/custom/krtk0/theme-settings/export-settings.php on line 16
[13-Oct-2016 00:33:45 UTC] PHP Fatal error:  Uncaught Error: Call to undefined function t() in /var/www/vhosts/drupal-8.x/web/sites/kidsrestorethekepler/themes/custom/krtk0/theme-settings/layout-settings.php:7
Stack trace:
#0 {main}
  thrown in /var/www/vhosts/drupal-8.x/web/sites/kidsrestorethekepler/themes/custom/krtk0/theme-settings/layout-settings.php on line 7
[13-Oct-2016 00:33:46 UTC] PHP Fatal error:  Uncaught Error: Call to undefined function t() in /var/www/vhosts/drupal-8.x/web/sites/kidsrestorethekepler/themes/custom/krtk0/theme-settings/style-settings.php:6
Stack trace:
#0 {main}
  thrown in /var/www/vhosts/drupal-8.x/web/sites/kidsrestorethekepler/themes/custom/krtk0/theme-settings/style-settings.php on line 6
[13-Oct-2016 00:33:46 UTC] PHP Fatal error:  Uncaught Error: Call to undefined function t() in /var/www/vhosts/drupal-8.x/web/sites/kidsrestorethekepler/themes/custom/krtk0/theme-settings/scss-settings.php:6
Stack trace:
#0 {main}
  thrown in /var/www/vhosts/drupal-8.x/web/sites/kidsrestorethekepler/themes/custom/krtk0/theme-settings/scss-settings.php on line 6
[13-Oct-2016 00:33:46 UTC] PHP Fatal error:  Uncaught Error: Call to undefined function t() in /var/www/vhosts/drupal-8.x/web/sites/kidsrestorethekepler/themes/custom/krtk0/theme-settings/debug-settings.php:5
Stack trace:
#0 {main}
  thrown in /var/www/vhosts/drupal-8.x/web/sites/kidsrestorethekepler/themes/custom/krtk0/theme-settings/debug-settings.php on line 5
[13-Oct-2016 00:33:46 UTC] PHP Fatal error:  Uncaught Error: Call to undefined function t() in /var/www/vhosts/drupal-8.x/web/sites/kidsrestorethekepler/themes/custom/krtk0/theme-settings/general-settings.php:6
Stack trace:
#0 {main}
  thrown in /var/www/vhosts/drupal-8.x/web/sites/kidsrestorethekepler/themes/custom/krtk0/theme-settings/general-settings.php on line 6
[13-Oct-2016 00:33:46 UTC] PHP Fatal error:  Uncaught Error: Call to undefined function t() in /var/www/vhosts/drupal-8.x/web/sites/kidsrestorethekepler/themes/custom/krtk0/theme-settings/export-settings.php:16
Stack trace:
#0 {main}
  thrown in /var/www/vhosts/drupal-8.x/web/sites/kidsrestorethekepler/themes/custom/krtk0/theme-settings/export-settings.php on line 16
[13-Oct-2016 00:33:46 UTC] PHP Fatal error:  Uncaught Error: Call to undefined function theme_get_setting() in /var/www/vhosts/drupal-8.x/web/sites/kidsrestorethekepler/themes/custom/krtk0/theme-settings/omega-intro.php:5
Stack trace:
#0 {main}
  thrown in /var/www/vhosts/drupal-8.x/web/sites/kidsrestorethekepler/themes/custom/krtk0/theme-settings/omega-intro.php on line 5
[13-Oct-2016 00:33:46 UTC] PHP Fatal error:  Uncaught Error: Call to undefined function t() in /var/www/vhosts/drupal-8.x/web/sites/kidsrestorethekepler/themes/custom/krtk0/theme-settings/layout-config.php:7
Stack trace:
#0 {main}
  thrown in /var/www/vhosts/drupal-8.x/web/sites/kidsrestorethekepler/themes/custom/krtk0/theme-settings/layout-config.php on line 7
[13-Oct-2016 00:33:47 UTC] PHP Notice:  Undefined variable: theme in /var/www/vhosts/drupal-8.x/web/sites/kidsrestorethekepler/themes/custom/krtk0/theme-settings/core-settings.php on line 20
[13-Oct-2016 00:33:47 UTC] PHP Notice:  Undefined variable: force_theme_export in /var/www/vhosts/drupal-8.x/web/sites/kidsrestorethekepler/themes/custom/krtk0/theme-settings/core-settings.php on line 20
[13-Oct-2016 00:34:36 UTC] PHP Fatal error:  Uncaught Error: Call to undefined function t() in /var/www/vhosts/drupal-8.x/web/sites/kidsrestorethekepler/themes/custom/krtk0/theme-settings/layout-settings.php:7
Stack trace:
#0 {main}
  thrown in /var/www/vhosts/drupal-8.x/web/sites/kidsrestorethekepler/themes/custom/krtk0/theme-settings/layout-settings.php on line 7
[13-Oct-2016 00:34:36 UTC] PHP Fatal error:  Uncaught Error: Call to undefined function t() in /var/www/vhosts/drupal-8.x/web/sites/kidsrestorethekepler/themes/custom/krtk0/theme-settings/style-settings.php:6
Stack trace:
#0 {main}
  thrown in /var/www/vhosts/drupal-8.x/web/sites/kidsrestorethekepler/themes/custom/krtk0/theme-settings/style-settings.php on line 6
[13-Oct-2016 00:34:36 UTC] PHP Fatal error:  Uncaught Error: Call to undefined function t() in /var/www/vhosts/drupal-8.x/web/sites/kidsrestorethekepler/themes/custom/krtk0/theme-settings/scss-settings.php:6
Stack trace:
#0 {main}
  thrown in /var/www/vhosts/drupal-8.x/web/sites/kidsrestorethekepler/themes/custom/krtk0/theme-settings/scss-settings.php on line 6
[13-Oct-2016 00:34:36 UTC] PHP Fatal error:  Uncaught Error: Call to undefined function t() in /var/www/vhosts/drupal-8.x/web/sites/kidsrestorethekepler/themes/custom/krtk0/theme-settings/debug-settings.php:5
Stack trace:
#0 {main}
  thrown in /var/www/vhosts/drupal-8.x/web/sites/kidsrestorethekepler/themes/custom/krtk0/theme-settings/debug-settings.php on line 5
[13-Oct-2016 00:34:36 UTC] PHP Fatal error:  Uncaught Error: Call to undefined function t() in /var/www/vhosts/drupal-8.x/web/sites/kidsrestorethekepler/themes/custom/krtk0/theme-settings/general-settings.php:6
Stack trace:
#0 {main}
  thrown in /var/www/vhosts/drupal-8.x/web/sites/kidsrestorethekepler/themes/custom/krtk0/theme-settings/general-settings.php on line 6
[13-Oct-2016 00:34:36 UTC] PHP Fatal error:  Uncaught Error: Call to undefined function t() in /var/www/vhosts/drupal-8.x/web/sites/kidsrestorethekepler/themes/custom/krtk0/theme-settings/export-settings.php:16
Stack trace:
#0 {main}
  thrown in /var/www/vhosts/drupal-8.x/web/sites/kidsrestorethekepler/themes/custom/krtk0/theme-settings/export-settings.php on line 16
[13-Oct-2016 00:34:36 UTC] PHP Fatal error:  Uncaught Error: Call to undefined function theme_get_setting() in /var/www/vhosts/drupal-8.x/web/sites/kidsrestorethekepler/themes/custom/krtk0/theme-settings/omega-intro.php:5
Stack trace:
#0 {main}
  thrown in /var/www/vhosts/drupal-8.x/web/sites/kidsrestorethekepler/themes/custom/krtk0/theme-settings/omega-intro.php on line 5
[13-Oct-2016 00:34:36 UTC] PHP Fatal error:  Uncaught Error: Call to undefined function t() in /var/www/vhosts/drupal-8.x/web/sites/kidsrestorethekepler/themes/custom/krtk0/theme-settings/layout-config.php:7
Stack trace:
#0 {main}
  thrown in /var/www/vhosts/drupal-8.x/web/sites/kidsrestorethekepler/themes/custom/krtk0/theme-settings/layout-config.php on line 7
[03-Nov-2016 00:51:29 UTC] PHP Fatal error:  Uncaught Error: Call to undefined function t() in /var/www/vhosts/drupal-8.x/web/sites/kidsrestorethekepler/themes/custom/krtk0/theme-settings/layout-config.php:7
Stack trace:
#0 {main}
  thrown in /var/www/vhosts/drupal-8.x/web/sites/kidsrestorethekepler/themes/custom/krtk0/theme-settings/layout-config.php on line 7
[03-Nov-2016 00:51:29 UTC] PHP Fatal error:  Uncaught Error: Call to undefined function t() in /var/www/vhosts/drupal-8.x/web/sites/kidsrestorethekepler/themes/custom/krtk0/theme-settings/layout-config.php:7
Stack trace:
#0 {main}
  thrown in /var/www/vhosts/drupal-8.x/web/sites/kidsrestorethekepler/themes/custom/krtk0/theme-settings/layout-config.php on line 7
[03-Nov-2016 00:51:37 UTC] PHP Fatal error:  Uncaught Error: Call to undefined function t() in /var/www/vhosts/drupal-8.x/web/sites/kidsrestorethekepler/themes/custom/krtk0/theme-settings/layout-settings.php:7
Stack trace:
#0 {main}
  thrown in /var/www/vhosts/drupal-8.x/web/sites/kidsrestorethekepler/themes/custom/krtk0/theme-settings/layout-settings.php on line 7
[03-Nov-2016 00:51:38 UTC] PHP Fatal error:  Uncaught Error: Call to undefined function t() in /var/www/vhosts/drupal-8.x/web/sites/kidsrestorethekepler/themes/custom/krtk0/theme-settings/layout-settings.php:7
Stack trace:
#0 {main}
  thrown in /var/www/vhosts/drupal-8.x/web/sites/kidsrestorethekepler/themes/custom/krtk0/theme-settings/layout-settings.php on line 7
[03-Nov-2016 00:51:44 UTC] PHP Fatal error:  Uncaught Error: Call to undefined function t() in /var/www/vhosts/drupal-8.x/web/sites/kidsrestorethekepler/themes/custom/krtk0/theme-settings/layout-settings.php:7
Stack trace:
#0 {main}
  thrown in /var/www/vhosts/drupal-8.x/web/sites/kidsrestorethekepler/themes/custom/krtk0/theme-settings/layout-settings.php on line 7
[06-Jan-2017 03:37:45 UTC] PHP Fatal error:  Uncaught Error: Call to undefined function theme_get_setting() in /var/www/vhosts/kidsrestorethekepler.co.nz/drupal-8.x/web/sites/kidsrestorethekepler/themes/custom/krtk0/theme-settings/omega-intro.php:5
Stack trace:
#0 {main}
  thrown in /var/www/vhosts/kidsrestorethekepler.co.nz/drupal-8.x/web/sites/kidsrestorethekepler/themes/custom/krtk0/theme-settings/omega-intro.php on line 5
[06-Jan-2017 03:37:45 UTC] PHP Fatal error:  Uncaught Error: Call to undefined function t() in /var/www/vhosts/kidsrestorethekepler.co.nz/drupal-8.x/web/sites/kidsrestorethekepler/themes/custom/krtk0/theme-settings/style-settings.php:6
Stack trace:
#0 {main}
  thrown in /var/www/vhosts/kidsrestorethekepler.co.nz/drupal-8.x/web/sites/kidsrestorethekepler/themes/custom/krtk0/theme-settings/style-settings.php on line 6
[06-Jan-2017 03:37:45 UTC] PHP Fatal error:  Uncaught Error: Call to undefined function t() in /var/www/vhosts/kidsrestorethekepler.co.nz/drupal-8.x/web/sites/kidsrestorethekepler/themes/custom/krtk0/theme-settings/export-settings.php:16
Stack trace:
#0 {main}
  thrown in /var/www/vhosts/kidsrestorethekepler.co.nz/drupal-8.x/web/sites/kidsrestorethekepler/themes/custom/krtk0/theme-settings/export-settings.php on line 16
[06-Jan-2017 03:37:45 UTC] PHP Notice:  Undefined variable: theme in /var/www/vhosts/kidsrestorethekepler.co.nz/drupal-8.x/web/sites/kidsrestorethekepler/themes/custom/krtk0/theme-settings/core-settings.php on line 20
[06-Jan-2017 03:37:45 UTC] PHP Notice:  Undefined variable: force_theme_export in /var/www/vhosts/kidsrestorethekepler.co.nz/drupal-8.x/web/sites/kidsrestorethekepler/themes/custom/krtk0/theme-settings/core-settings.php on line 20
[06-Jan-2017 03:37:46 UTC] PHP Fatal error:  Uncaught Error: Call to undefined function t() in /var/www/vhosts/kidsrestorethekepler.co.nz/drupal-8.x/web/sites/kidsrestorethekepler/themes/custom/krtk0/theme-settings/layout-settings.php:7
Stack trace:
#0 {main}
  thrown in /var/www/vhosts/kidsrestorethekepler.co.nz/drupal-8.x/web/sites/kidsrestorethekepler/themes/custom/krtk0/theme-settings/layout-settings.php on line 7
[06-Jan-2017 03:37:46 UTC] PHP Fatal error:  Uncaught Error: Call to undefined function t() in /var/www/vhosts/kidsrestorethekepler.co.nz/drupal-8.x/web/sites/kidsrestorethekepler/themes/custom/krtk0/theme-settings/debug-settings.php:5
Stack trace:
#0 {main}
  thrown in /var/www/vhosts/kidsrestorethekepler.co.nz/drupal-8.x/web/sites/kidsrestorethekepler/themes/custom/krtk0/theme-settings/debug-settings.php on line 5
[06-Jan-2017 03:37:46 UTC] PHP Fatal error:  Uncaught Error: Call to undefined function t() in /var/www/vhosts/kidsrestorethekepler.co.nz/drupal-8.x/web/sites/kidsrestorethekepler/themes/custom/krtk0/theme-settings/layout-config.php:7
Stack trace:
#0 {main}
  thrown in /var/www/vhosts/kidsrestorethekepler.co.nz/drupal-8.x/web/sites/kidsrestorethekepler/themes/custom/krtk0/theme-settings/layout-config.php on line 7
[06-Jan-2017 03:37:46 UTC] PHP Fatal error:  Uncaught Error: Call to undefined function t() in /var/www/vhosts/kidsrestorethekepler.co.nz/drupal-8.x/web/sites/kidsrestorethekepler/themes/custom/krtk0/theme-settings/scss-settings.php:6
Stack trace:
#0 {main}
  thrown in /var/www/vhosts/kidsrestorethekepler.co.nz/drupal-8.x/web/sites/kidsrestorethekepler/themes/custom/krtk0/theme-settings/scss-settings.php on line 6
[06-Jan-2017 03:37:46 UTC] PHP Fatal error:  Uncaught Error: Call to undefined function t() in /var/www/vhosts/kidsrestorethekepler.co.nz/drupal-8.x/web/sites/kidsrestorethekepler/themes/custom/krtk0/theme-settings/general-settings.php:6
Stack trace:
#0 {main}
  thrown in /var/www/vhosts/kidsrestorethekepler.co.nz/drupal-8.x/web/sites/kidsrestorethekepler/themes/custom/krtk0/theme-settings/general-settings.php on line 6
[06-Jan-2017 03:40:11 UTC] PHP Fatal error:  Uncaught Error: Call to undefined function theme_get_setting() in /var/www/vhosts/kidsrestorethekepler.co.nz/drupal-8.x/web/sites/kidsrestorethekepler/themes/custom/krtk0/theme-settings/omega-intro.php:5
Stack trace:
#0 {main}
  thrown in /var/www/vhosts/kidsrestorethekepler.co.nz/drupal-8.x/web/sites/kidsrestorethekepler/themes/custom/krtk0/theme-settings/omega-intro.php on line 5
[06-Jan-2017 03:40:11 UTC] PHP Fatal error:  Uncaught Error: Call to undefined function t() in /var/www/vhosts/kidsrestorethekepler.co.nz/drupal-8.x/web/sites/kidsrestorethekepler/themes/custom/krtk0/theme-settings/style-settings.php:6
Stack trace:
#0 {main}
  thrown in /var/www/vhosts/kidsrestorethekepler.co.nz/drupal-8.x/web/sites/kidsrestorethekepler/themes/custom/krtk0/theme-settings/style-settings.php on line 6
[06-Jan-2017 03:40:11 UTC] PHP Fatal error:  Uncaught Error: Call to undefined function t() in /var/www/vhosts/kidsrestorethekepler.co.nz/drupal-8.x/web/sites/kidsrestorethekepler/themes/custom/krtk0/theme-settings/export-settings.php:16
Stack trace:
#0 {main}
  thrown in /var/www/vhosts/kidsrestorethekepler.co.nz/drupal-8.x/web/sites/kidsrestorethekepler/themes/custom/krtk0/theme-settings/export-settings.php on line 16
[06-Jan-2017 03:40:11 UTC] PHP Fatal error:  Uncaught Error: Call to undefined function t() in /var/www/vhosts/kidsrestorethekepler.co.nz/drupal-8.x/web/sites/kidsrestorethekepler/themes/custom/krtk0/theme-settings/layout-settings.php:7
Stack trace:
#0 {main}
  thrown in /var/www/vhosts/kidsrestorethekepler.co.nz/drupal-8.x/web/sites/kidsrestorethekepler/themes/custom/krtk0/theme-settings/layout-settings.php on line 7
[06-Jan-2017 03:40:12 UTC] PHP Fatal error:  Uncaught Error: Call to undefined function t() in /var/www/vhosts/kidsrestorethekepler.co.nz/drupal-8.x/web/sites/kidsrestorethekepler/themes/custom/krtk0/theme-settings/debug-settings.php:5
Stack trace:
#0 {main}
  thrown in /var/www/vhosts/kidsrestorethekepler.co.nz/drupal-8.x/web/sites/kidsrestorethekepler/themes/custom/krtk0/theme-settings/debug-settings.php on line 5
[06-Jan-2017 03:40:12 UTC] PHP Fatal error:  Uncaught Error: Call to undefined function t() in /var/www/vhosts/kidsrestorethekepler.co.nz/drupal-8.x/web/sites/kidsrestorethekepler/themes/custom/krtk0/theme-settings/layout-config.php:7
Stack trace:
#0 {main}
  thrown in /var/www/vhosts/kidsrestorethekepler.co.nz/drupal-8.x/web/sites/kidsrestorethekepler/themes/custom/krtk0/theme-settings/layout-config.php on line 7
[06-Jan-2017 03:40:12 UTC] PHP Fatal error:  Uncaught Error: Call to undefined function t() in /var/www/vhosts/kidsrestorethekepler.co.nz/drupal-8.x/web/sites/kidsrestorethekepler/themes/custom/krtk0/theme-settings/scss-settings.php:6
Stack trace:
#0 {main}
  thrown in /var/www/vhosts/kidsrestorethekepler.co.nz/drupal-8.x/web/sites/kidsrestorethekepler/themes/custom/krtk0/theme-settings/scss-settings.php on line 6
[06-Jan-2017 03:40:12 UTC] PHP Fatal error:  Uncaught Error: Call to undefined function t() in /var/www/vhosts/kidsrestorethekepler.co.nz/drupal-8.x/web/sites/kidsrestorethekepler/themes/custom/krtk0/theme-settings/general-settings.php:6
Stack trace:
#0 {main}
  thrown in /var/www/vhosts/kidsrestorethekepler.co.nz/drupal-8.x/web/sites/kidsrestorethekepler/themes/custom/krtk0/theme-settings/general-settings.php on line 6
[06-Jan-2017 03:44:14 UTC] PHP Fatal error:  Uncaught Error: Call to undefined function theme_get_setting() in /var/www/vhosts/kidsrestorethekepler.co.nz/drupal-8.x/web/sites/kidsrestorethekepler/themes/custom/krtk0/theme-settings/omega-intro.php:5
Stack trace:
#0 {main}
  thrown in /var/www/vhosts/kidsrestorethekepler.co.nz/drupal-8.x/web/sites/kidsrestorethekepler/themes/custom/krtk0/theme-settings/omega-intro.php on line 5
[06-Jan-2017 03:44:14 UTC] PHP Fatal error:  Uncaught Error: Call to undefined function t() in /var/www/vhosts/kidsrestorethekepler.co.nz/drupal-8.x/web/sites/kidsrestorethekepler/themes/custom/krtk0/theme-settings/style-settings.php:6
Stack trace:
#0 {main}
  thrown in /var/www/vhosts/kidsrestorethekepler.co.nz/drupal-8.x/web/sites/kidsrestorethekepler/themes/custom/krtk0/theme-settings/style-settings.php on line 6
[06-Jan-2017 03:44:14 UTC] PHP Fatal error:  Uncaught Error: Call to undefined function t() in /var/www/vhosts/kidsrestorethekepler.co.nz/drupal-8.x/web/sites/kidsrestorethekepler/themes/custom/krtk0/theme-settings/export-settings.php:16
Stack trace:
#0 {main}
  thrown in /var/www/vhosts/kidsrestorethekepler.co.nz/drupal-8.x/web/sites/kidsrestorethekepler/themes/custom/krtk0/theme-settings/export-settings.php on line 16
[06-Jan-2017 03:44:14 UTC] PHP Notice:  Undefined variable: theme in /var/www/vhosts/kidsrestorethekepler.co.nz/drupal-8.x/web/sites/kidsrestorethekepler/themes/custom/krtk0/theme-settings/core-settings.php on line 20
[06-Jan-2017 03:44:14 UTC] PHP Notice:  Undefined variable: force_theme_export in /var/www/vhosts/kidsrestorethekepler.co.nz/drupal-8.x/web/sites/kidsrestorethekepler/themes/custom/krtk0/theme-settings/core-settings.php on line 20
[06-Jan-2017 03:44:15 UTC] PHP Fatal error:  Uncaught Error: Call to undefined function t() in /var/www/vhosts/kidsrestorethekepler.co.nz/drupal-8.x/web/sites/kidsrestorethekepler/themes/custom/krtk0/theme-settings/layout-settings.php:7
Stack trace:
#0 {main}
  thrown in /var/www/vhosts/kidsrestorethekepler.co.nz/drupal-8.x/web/sites/kidsrestorethekepler/themes/custom/krtk0/theme-settings/layout-settings.php on line 7
[06-Jan-2017 03:44:15 UTC] PHP Fatal error:  Uncaught Error: Call to undefined function t() in /var/www/vhosts/kidsrestorethekepler.co.nz/drupal-8.x/web/sites/kidsrestorethekepler/themes/custom/krtk0/theme-settings/debug-settings.php:5
Stack trace:
#0 {main}
  thrown in /var/www/vhosts/kidsrestorethekepler.co.nz/drupal-8.x/web/sites/kidsrestorethekepler/themes/custom/krtk0/theme-settings/debug-settings.php on line 5
[06-Jan-2017 03:44:15 UTC] PHP Fatal error:  Uncaught Error: Call to undefined function t() in /var/www/vhosts/kidsrestorethekepler.co.nz/drupal-8.x/web/sites/kidsrestorethekepler/themes/custom/krtk0/theme-settings/layout-config.php:7
Stack trace:
#0 {main}
  thrown in /var/www/vhosts/kidsrestorethekepler.co.nz/drupal-8.x/web/sites/kidsrestorethekepler/themes/custom/krtk0/theme-settings/layout-config.php on line 7
[06-Jan-2017 03:44:15 UTC] PHP Fatal error:  Uncaught Error: Call to undefined function t() in /var/www/vhosts/kidsrestorethekepler.co.nz/drupal-8.x/web/sites/kidsrestorethekepler/themes/custom/krtk0/theme-settings/scss-settings.php:6
Stack trace:
#0 {main}
  thrown in /var/www/vhosts/kidsrestorethekepler.co.nz/drupal-8.x/web/sites/kidsrestorethekepler/themes/custom/krtk0/theme-settings/scss-settings.php on line 6
[06-Jan-2017 03:44:15 UTC] PHP Fatal error:  Uncaught Error: Call to undefined function t() in /var/www/vhosts/kidsrestorethekepler.co.nz/drupal-8.x/web/sites/kidsrestorethekepler/themes/custom/krtk0/theme-settings/general-settings.php:6
Stack trace:
#0 {main}
  thrown in /var/www/vhosts/kidsrestorethekepler.co.nz/drupal-8.x/web/sites/kidsrestorethekepler/themes/custom/krtk0/theme-settings/general-settings.php on line 6
[06-Jan-2017 03:46:03 UTC] PHP Fatal error:  Uncaught Error: Call to undefined function theme_get_setting() in /var/www/vhosts/kidsrestorethekepler.co.nz/drupal-8.x/web/sites/kidsrestorethekepler/themes/custom/krtk0/theme-settings/omega-intro.php:5
Stack trace:
#0 {main}
  thrown in /var/www/vhosts/kidsrestorethekepler.co.nz/drupal-8.x/web/sites/kidsrestorethekepler/themes/custom/krtk0/theme-settings/omega-intro.php on line 5
[06-Jan-2017 03:46:03 UTC] PHP Fatal error:  Uncaught Error: Call to undefined function t() in /var/www/vhosts/kidsrestorethekepler.co.nz/drupal-8.x/web/sites/kidsrestorethekepler/themes/custom/krtk0/theme-settings/style-settings.php:6
Stack trace:
#0 {main}
  thrown in /var/www/vhosts/kidsrestorethekepler.co.nz/drupal-8.x/web/sites/kidsrestorethekepler/themes/custom/krtk0/theme-settings/style-settings.php on line 6
[06-Jan-2017 03:46:03 UTC] PHP Fatal error:  Uncaught Error: Call to undefined function t() in /var/www/vhosts/kidsrestorethekepler.co.nz/drupal-8.x/web/sites/kidsrestorethekepler/themes/custom/krtk0/theme-settings/export-settings.php:16
Stack trace:
#0 {main}
  thrown in /var/www/vhosts/kidsrestorethekepler.co.nz/drupal-8.x/web/sites/kidsrestorethekepler/themes/custom/krtk0/theme-settings/export-settings.php on line 16
[06-Jan-2017 03:46:03 UTC] PHP Fatal error:  Uncaught Error: Call to undefined function t() in /var/www/vhosts/kidsrestorethekepler.co.nz/drupal-8.x/web/sites/kidsrestorethekepler/themes/custom/krtk0/theme-settings/layout-settings.php:7
Stack trace:
#0 {main}
  thrown in /var/www/vhosts/kidsrestorethekepler.co.nz/drupal-8.x/web/sites/kidsrestorethekepler/themes/custom/krtk0/theme-settings/layout-settings.php on line 7
[06-Jan-2017 03:46:03 UTC] PHP Fatal error:  Uncaught Error: Call to undefined function t() in /var/www/vhosts/kidsrestorethekepler.co.nz/drupal-8.x/web/sites/kidsrestorethekepler/themes/custom/krtk0/theme-settings/debug-settings.php:5
Stack trace:
#0 {main}
  thrown in /var/www/vhosts/kidsrestorethekepler.co.nz/drupal-8.x/web/sites/kidsrestorethekepler/themes/custom/krtk0/theme-settings/debug-settings.php on line 5
[06-Jan-2017 03:46:04 UTC] PHP Fatal error:  Uncaught Error: Call to undefined function t() in /var/www/vhosts/kidsrestorethekepler.co.nz/drupal-8.x/web/sites/kidsrestorethekepler/themes/custom/krtk0/theme-settings/layout-config.php:7
Stack trace:
#0 {main}
  thrown in /var/www/vhosts/kidsrestorethekepler.co.nz/drupal-8.x/web/sites/kidsrestorethekepler/themes/custom/krtk0/theme-settings/layout-config.php on line 7
[06-Jan-2017 03:46:04 UTC] PHP Fatal error:  Uncaught Error: Call to undefined function t() in /var/www/vhosts/kidsrestorethekepler.co.nz/drupal-8.x/web/sites/kidsrestorethekepler/themes/custom/krtk0/theme-settings/scss-settings.php:6
Stack trace:
#0 {main}
  thrown in /var/www/vhosts/kidsrestorethekepler.co.nz/drupal-8.x/web/sites/kidsrestorethekepler/themes/custom/krtk0/theme-settings/scss-settings.php on line 6
[06-Jan-2017 03:46:04 UTC] PHP Fatal error:  Uncaught Error: Call to undefined function t() in /var/www/vhosts/kidsrestorethekepler.co.nz/drupal-8.x/web/sites/kidsrestorethekepler/themes/custom/krtk0/theme-settings/general-settings.php:6
Stack trace:
#0 {main}
  thrown in /var/www/vhosts/kidsrestorethekepler.co.nz/drupal-8.x/web/sites/kidsrestorethekepler/themes/custom/krtk0/theme-settings/general-settings.php on line 6
[06-Jan-2017 03:48:06 UTC] PHP Fatal error:  Uncaught Error: Call to undefined function theme_get_setting() in /var/www/vhosts/kidsrestorethekepler.co.nz/drupal-8.x/web/sites/kidsrestorethekepler/themes/custom/krtk0/theme-settings/omega-intro.php:5
Stack trace:
#0 {main}
  thrown in /var/www/vhosts/kidsrestorethekepler.co.nz/drupal-8.x/web/sites/kidsrestorethekepler/themes/custom/krtk0/theme-settings/omega-intro.php on line 5
[06-Jan-2017 03:48:07 UTC] PHP Fatal error:  Uncaught Error: Call to undefined function t() in /var/www/vhosts/kidsrestorethekepler.co.nz/drupal-8.x/web/sites/kidsrestorethekepler/themes/custom/krtk0/theme-settings/style-settings.php:6
Stack trace:
#0 {main}
  thrown in /var/www/vhosts/kidsrestorethekepler.co.nz/drupal-8.x/web/sites/kidsrestorethekepler/themes/custom/krtk0/theme-settings/style-settings.php on line 6
[06-Jan-2017 03:48:07 UTC] PHP Fatal error:  Uncaught Error: Call to undefined function t() in /var/www/vhosts/kidsrestorethekepler.co.nz/drupal-8.x/web/sites/kidsrestorethekepler/themes/custom/krtk0/theme-settings/export-settings.php:16
Stack trace:
#0 {main}
  thrown in /var/www/vhosts/kidsrestorethekepler.co.nz/drupal-8.x/web/sites/kidsrestorethekepler/themes/custom/krtk0/theme-settings/export-settings.php on line 16
[06-Jan-2017 03:48:07 UTC] PHP Notice:  Undefined variable: theme in /var/www/vhosts/kidsrestorethekepler.co.nz/drupal-8.x/web/sites/kidsrestorethekepler/themes/custom/krtk0/theme-settings/core-settings.php on line 20
[06-Jan-2017 03:48:07 UTC] PHP Notice:  Undefined variable: force_theme_export in /var/www/vhosts/kidsrestorethekepler.co.nz/drupal-8.x/web/sites/kidsrestorethekepler/themes/custom/krtk0/theme-settings/core-settings.php on line 20
[06-Jan-2017 03:48:07 UTC] PHP Fatal error:  Uncaught Error: Call to undefined function t() in /var/www/vhosts/kidsrestorethekepler.co.nz/drupal-8.x/web/sites/kidsrestorethekepler/themes/custom/krtk0/theme-settings/layout-settings.php:7
Stack trace:
#0 {main}
  thrown in /var/www/vhosts/kidsrestorethekepler.co.nz/drupal-8.x/web/sites/kidsrestorethekepler/themes/custom/krtk0/theme-settings/layout-settings.php on line 7
[06-Jan-2017 03:48:07 UTC] PHP Fatal error:  Uncaught Error: Call to undefined function t() in /var/www/vhosts/kidsrestorethekepler.co.nz/drupal-8.x/web/sites/kidsrestorethekepler/themes/custom/krtk0/theme-settings/debug-settings.php:5
Stack trace:
#0 {main}
  thrown in /var/www/vhosts/kidsrestorethekepler.co.nz/drupal-8.x/web/sites/kidsrestorethekepler/themes/custom/krtk0/theme-settings/debug-settings.php on line 5
[06-Jan-2017 03:48:07 UTC] PHP Fatal error:  Uncaught Error: Call to undefined function t() in /var/www/vhosts/kidsrestorethekepler.co.nz/drupal-8.x/web/sites/kidsrestorethekepler/themes/custom/krtk0/theme-settings/layout-config.php:7
Stack trace:
#0 {main}
  thrown in /var/www/vhosts/kidsrestorethekepler.co.nz/drupal-8.x/web/sites/kidsrestorethekepler/themes/custom/krtk0/theme-settings/layout-config.php on line 7
[06-Jan-2017 03:48:08 UTC] PHP Fatal error:  Uncaught Error: Call to undefined function t() in /var/www/vhosts/kidsrestorethekepler.co.nz/drupal-8.x/web/sites/kidsrestorethekepler/themes/custom/krtk0/theme-settings/scss-settings.php:6
Stack trace:
#0 {main}
  thrown in /var/www/vhosts/kidsrestorethekepler.co.nz/drupal-8.x/web/sites/kidsrestorethekepler/themes/custom/krtk0/theme-settings/scss-settings.php on line 6
[06-Jan-2017 03:48:08 UTC] PHP Fatal error:  Uncaught Error: Call to undefined function t() in /var/www/vhosts/kidsrestorethekepler.co.nz/drupal-8.x/web/sites/kidsrestorethekepler/themes/custom/krtk0/theme-settings/general-settings.php:6
Stack trace:
#0 {main}
  thrown in /var/www/vhosts/kidsrestorethekepler.co.nz/drupal-8.x/web/sites/kidsrestorethekepler/themes/custom/krtk0/theme-settings/general-settings.php on line 6
[06-Jan-2017 03:49:46 UTC] PHP Fatal error:  Uncaught Error: Call to undefined function theme_get_setting() in /var/www/vhosts/kidsrestorethekepler.co.nz/drupal-8.x/web/sites/kidsrestorethekepler/themes/custom/krtk0/theme-settings/omega-intro.php:5
Stack trace:
#0 {main}
  thrown in /var/www/vhosts/kidsrestorethekepler.co.nz/drupal-8.x/web/sites/kidsrestorethekepler/themes/custom/krtk0/theme-settings/omega-intro.php on line 5
[06-Jan-2017 03:49:46 UTC] PHP Fatal error:  Uncaught Error: Call to undefined function t() in /var/www/vhosts/kidsrestorethekepler.co.nz/drupal-8.x/web/sites/kidsrestorethekepler/themes/custom/krtk0/theme-settings/style-settings.php:6
Stack trace:
#0 {main}
  thrown in /var/www/vhosts/kidsrestorethekepler.co.nz/drupal-8.x/web/sites/kidsrestorethekepler/themes/custom/krtk0/theme-settings/style-settings.php on line 6
[06-Jan-2017 03:49:46 UTC] PHP Fatal error:  Uncaught Error: Call to undefined function t() in /var/www/vhosts/kidsrestorethekepler.co.nz/drupal-8.x/web/sites/kidsrestorethekepler/themes/custom/krtk0/theme-settings/export-settings.php:16
Stack trace:
#0 {main}
  thrown in /var/www/vhosts/kidsrestorethekepler.co.nz/drupal-8.x/web/sites/kidsrestorethekepler/themes/custom/krtk0/theme-settings/export-settings.php on line 16
[06-Jan-2017 03:49:46 UTC] PHP Fatal error:  Uncaught Error: Call to undefined function t() in /var/www/vhosts/kidsrestorethekepler.co.nz/drupal-8.x/web/sites/kidsrestorethekepler/themes/custom/krtk0/theme-settings/layout-settings.php:7
Stack trace:
#0 {main}
  thrown in /var/www/vhosts/kidsrestorethekepler.co.nz/drupal-8.x/web/sites/kidsrestorethekepler/themes/custom/krtk0/theme-settings/layout-settings.php on line 7
[06-Jan-2017 03:49:47 UTC] PHP Fatal error:  Uncaught Error: Call to undefined function t() in /var/www/vhosts/kidsrestorethekepler.co.nz/drupal-8.x/web/sites/kidsrestorethekepler/themes/custom/krtk0/theme-settings/debug-settings.php:5
Stack trace:
#0 {main}
  thrown in /var/www/vhosts/kidsrestorethekepler.co.nz/drupal-8.x/web/sites/kidsrestorethekepler/themes/custom/krtk0/theme-settings/debug-settings.php on line 5
[06-Jan-2017 03:49:47 UTC] PHP Fatal error:  Uncaught Error: Call to undefined function t() in /var/www/vhosts/kidsrestorethekepler.co.nz/drupal-8.x/web/sites/kidsrestorethekepler/themes/custom/krtk0/theme-settings/layout-config.php:7
Stack trace:
#0 {main}
  thrown in /var/www/vhosts/kidsrestorethekepler.co.nz/drupal-8.x/web/sites/kidsrestorethekepler/themes/custom/krtk0/theme-settings/layout-config.php on line 7
[06-Jan-2017 03:49:47 UTC] PHP Fatal error:  Uncaught Error: Call to undefined function t() in /var/www/vhosts/kidsrestorethekepler.co.nz/drupal-8.x/web/sites/kidsrestorethekepler/themes/custom/krtk0/theme-settings/scss-settings.php:6
Stack trace:
#0 {main}
  thrown in /var/www/vhosts/kidsrestorethekepler.co.nz/drupal-8.x/web/sites/kidsrestorethekepler/themes/custom/krtk0/theme-settings/scss-settings.php on line 6
[06-Jan-2017 03:49:47 UTC] PHP Fatal error:  Uncaught Error: Call to undefined function t() in /var/www/vhosts/kidsrestorethekepler.co.nz/drupal-8.x/web/sites/kidsrestorethekepler/themes/custom/krtk0/theme-settings/general-settings.php:6
Stack trace:
#0 {main}
  thrown in /var/www/vhosts/kidsrestorethekepler.co.nz/drupal-8.x/web/sites/kidsrestorethekepler/themes/custom/krtk0/theme-settings/general-settings.php on line 6
[18-Jan-2017 23:25:44 UTC] PHP Fatal error:  Uncaught Error: Call to undefined function theme_get_setting() in /var/www/vhosts/kidsrestorethekepler.co.nz/drupal-8.x/web/sites/kidsrestorethekepler/themes/custom/krtk0/theme-settings/omega-intro.php:5
Stack trace:
#0 {main}
  thrown in /var/www/vhosts/kidsrestorethekepler.co.nz/drupal-8.x/web/sites/kidsrestorethekepler/themes/custom/krtk0/theme-settings/omega-intro.php on line 5
[18-Jan-2017 23:25:45 UTC] PHP Fatal error:  Uncaught Error: Call to undefined function t() in /var/www/vhosts/kidsrestorethekepler.co.nz/drupal-8.x/web/sites/kidsrestorethekepler/themes/custom/krtk0/theme-settings/style-settings.php:6
Stack trace:
#0 {main}
  thrown in /var/www/vhosts/kidsrestorethekepler.co.nz/drupal-8.x/web/sites/kidsrestorethekepler/themes/custom/krtk0/theme-settings/style-settings.php on line 6
[18-Jan-2017 23:25:45 UTC] PHP Fatal error:  Uncaught Error: Call to undefined function t() in /var/www/vhosts/kidsrestorethekepler.co.nz/drupal-8.x/web/sites/kidsrestorethekepler/themes/custom/krtk0/theme-settings/export-settings.php:16
Stack trace:
#0 {main}
  thrown in /var/www/vhosts/kidsrestorethekepler.co.nz/drupal-8.x/web/sites/kidsrestorethekepler/themes/custom/krtk0/theme-settings/export-settings.php on line 16
[18-Jan-2017 23:25:45 UTC] PHP Notice:  Undefined variable: theme in /var/www/vhosts/kidsrestorethekepler.co.nz/drupal-8.x/web/sites/kidsrestorethekepler/themes/custom/krtk0/theme-settings/core-settings.php on line 20
[18-Jan-2017 23:25:45 UTC] PHP Notice:  Undefined variable: force_theme_export in /var/www/vhosts/kidsrestorethekepler.co.nz/drupal-8.x/web/sites/kidsrestorethekepler/themes/custom/krtk0/theme-settings/core-settings.php on line 20
[18-Jan-2017 23:25:45 UTC] PHP Fatal error:  Uncaught Error: Call to undefined function t() in /var/www/vhosts/kidsrestorethekepler.co.nz/drupal-8.x/web/sites/kidsrestorethekepler/themes/custom/krtk0/theme-settings/layout-settings.php:7
Stack trace:
#0 {main}
  thrown in /var/www/vhosts/kidsrestorethekepler.co.nz/drupal-8.x/web/sites/kidsrestorethekepler/themes/custom/krtk0/theme-settings/layout-settings.php on line 7
[18-Jan-2017 23:25:46 UTC] PHP Fatal error:  Uncaught Error: Call to undefined function t() in /var/www/vhosts/kidsrestorethekepler.co.nz/drupal-8.x/web/sites/kidsrestorethekepler/themes/custom/krtk0/theme-settings/debug-settings.php:5
Stack trace:
#0 {main}
  thrown in /var/www/vhosts/kidsrestorethekepler.co.nz/drupal-8.x/web/sites/kidsrestorethekepler/themes/custom/krtk0/theme-settings/debug-settings.php on line 5
[18-Jan-2017 23:25:46 UTC] PHP Fatal error:  Uncaught Error: Call to undefined function t() in /var/www/vhosts/kidsrestorethekepler.co.nz/drupal-8.x/web/sites/kidsrestorethekepler/themes/custom/krtk0/theme-settings/layout-config.php:7
Stack trace:
#0 {main}
  thrown in /var/www/vhosts/kidsrestorethekepler.co.nz/drupal-8.x/web/sites/kidsrestorethekepler/themes/custom/krtk0/theme-settings/layout-config.php on line 7
[18-Jan-2017 23:25:46 UTC] PHP Fatal error:  Uncaught Error: Call to undefined function t() in /var/www/vhosts/kidsrestorethekepler.co.nz/drupal-8.x/web/sites/kidsrestorethekepler/themes/custom/krtk0/theme-settings/scss-settings.php:6
Stack trace:
#0 {main}
  thrown in /var/www/vhosts/kidsrestorethekepler.co.nz/drupal-8.x/web/sites/kidsrestorethekepler/themes/custom/krtk0/theme-settings/scss-settings.php on line 6
[18-Jan-2017 23:25:46 UTC] PHP Fatal error:  Uncaught Error: Call to undefined function t() in /var/www/vhosts/kidsrestorethekepler.co.nz/drupal-8.x/web/sites/kidsrestorethekepler/themes/custom/krtk0/theme-settings/general-settings.php:6
Stack trace:
#0 {main}
  thrown in /var/www/vhosts/kidsrestorethekepler.co.nz/drupal-8.x/web/sites/kidsrestorethekepler/themes/custom/krtk0/theme-settings/general-settings.php on line 6
[18-Jan-2017 23:28:26 UTC] PHP Fatal error:  Uncaught Error: Call to undefined function theme_get_setting() in /var/www/vhosts/kidsrestorethekepler.co.nz/drupal-8.x/web/sites/kidsrestorethekepler/themes/custom/krtk0/theme-settings/omega-intro.php:5
Stack trace:
#0 {main}
  thrown in /var/www/vhosts/kidsrestorethekepler.co.nz/drupal-8.x/web/sites/kidsrestorethekepler/themes/custom/krtk0/theme-settings/omega-intro.php on line 5
[18-Jan-2017 23:28:26 UTC] PHP Fatal error:  Uncaught Error: Call to undefined function t() in /var/www/vhosts/kidsrestorethekepler.co.nz/drupal-8.x/web/sites/kidsrestorethekepler/themes/custom/krtk0/theme-settings/style-settings.php:6
Stack trace:
#0 {main}
  thrown in /var/www/vhosts/kidsrestorethekepler.co.nz/drupal-8.x/web/sites/kidsrestorethekepler/themes/custom/krtk0/theme-settings/style-settings.php on line 6
[18-Jan-2017 23:28:26 UTC] PHP Fatal error:  Uncaught Error: Call to undefined function t() in /var/www/vhosts/kidsrestorethekepler.co.nz/drupal-8.x/web/sites/kidsrestorethekepler/themes/custom/krtk0/theme-settings/export-settings.php:16
Stack trace:
#0 {main}
  thrown in /var/www/vhosts/kidsrestorethekepler.co.nz/drupal-8.x/web/sites/kidsrestorethekepler/themes/custom/krtk0/theme-settings/export-settings.php on line 16
[18-Jan-2017 23:28:27 UTC] PHP Fatal error:  Uncaught Error: Call to undefined function t() in /var/www/vhosts/kidsrestorethekepler.co.nz/drupal-8.x/web/sites/kidsrestorethekepler/themes/custom/krtk0/theme-settings/layout-settings.php:7
Stack trace:
#0 {main}
  thrown in /var/www/vhosts/kidsrestorethekepler.co.nz/drupal-8.x/web/sites/kidsrestorethekepler/themes/custom/krtk0/theme-settings/layout-settings.php on line 7
[18-Jan-2017 23:28:27 UTC] PHP Fatal error:  Uncaught Error: Call to undefined function t() in /var/www/vhosts/kidsrestorethekepler.co.nz/drupal-8.x/web/sites/kidsrestorethekepler/themes/custom/krtk0/theme-settings/debug-settings.php:5
Stack trace:
#0 {main}
  thrown in /var/www/vhosts/kidsrestorethekepler.co.nz/drupal-8.x/web/sites/kidsrestorethekepler/themes/custom/krtk0/theme-settings/debug-settings.php on line 5
[18-Jan-2017 23:28:27 UTC] PHP Fatal error:  Uncaught Error: Call to undefined function t() in /var/www/vhosts/kidsrestorethekepler.co.nz/drupal-8.x/web/sites/kidsrestorethekepler/themes/custom/krtk0/theme-settings/layout-config.php:7
Stack trace:
#0 {main}
  thrown in /var/www/vhosts/kidsrestorethekepler.co.nz/drupal-8.x/web/sites/kidsrestorethekepler/themes/custom/krtk0/theme-settings/layout-config.php on line 7
[18-Jan-2017 23:28:27 UTC] PHP Fatal error:  Uncaught Error: Call to undefined function t() in /var/www/vhosts/kidsrestorethekepler.co.nz/drupal-8.x/web/sites/kidsrestorethekepler/themes/custom/krtk0/theme-settings/scss-settings.php:6
Stack trace:
#0 {main}
  thrown in /var/www/vhosts/kidsrestorethekepler.co.nz/drupal-8.x/web/sites/kidsrestorethekepler/themes/custom/krtk0/theme-settings/scss-settings.php on line 6
[18-Jan-2017 23:28:27 UTC] PHP Fatal error:  Uncaught Error: Call to undefined function t() in /var/www/vhosts/kidsrestorethekepler.co.nz/drupal-8.x/web/sites/kidsrestorethekepler/themes/custom/krtk0/theme-settings/general-settings.php:6
Stack trace:
#0 {main}
  thrown in /var/www/vhosts/kidsrestorethekepler.co.nz/drupal-8.x/web/sites/kidsrestorethekepler/themes/custom/krtk0/theme-settings/general-settings.php on line 6
